<?xml version="1.0" encoding="utf-8" standalone="no"?>
<test-run id="0" runstate="Runnable" testcasecount="62" result="Failed" total="59" passed="44" failed="14" inconclusive="0" skipped="1" asserts="150" engine-version="3.12.0.0" clr-version="4.0.30319.42000" start-time="2021-06-23 08:20:07Z" end-time="2021-06-23 09:30:20Z" duration="4212.672492">
  <command-line><![CDATA["D:\a\ace-e2e-test\ace-e2e-test\Configit.TestAutomation\packages\NUnit.ConsoleRunner.3.12.0\tools\nunit3-console.exe" Configit.TestAutomation\Configit.TA.Tests\bin\Debug\Configit.TA.Tests.dll --where:cat!=SanityCategory --result=TestResult.xml]]></command-line>
  <filter>
    <not>
      <cat>SanityCategory</cat>
    </not>
  </filter>
  <test-suite type="Assembly" id="1-1079" name="Configit.TA.Tests.dll" fullname="D:\a\ace-e2e-test\ace-e2e-test\Configit.TestAutomation\Configit.TA.Tests\bin\Debug\Configit.TA.Tests.dll" runstate="Runnable" testcasecount="62" result="Failed" site="Child" start-time="2021-06-23 08:20:08Z" end-time="2021-06-23 09:30:20Z" duration="4211.899484" total="59" passed="44" failed="14" warnings="0" inconclusive="0" skipped="1" asserts="150">
    <environment framework-version="3.12.0.0" clr-version="4.0.30319.42000" os-version="Microsoft Windows NT 10.0.17763.0" platform="Win32NT" cwd="D:\a\ace-e2e-test\ace-e2e-test" machine-name="fv-az159-82" user="runneradmin" user-domain="fv-az159-82" culture="en-US" uiculture="en-US" os-architecture="x64" />
    <settings>
      <setting name="DisposeRunners" value="True" />
      <setting name="WorkDirectory" value="D:\a\ace-e2e-test\ace-e2e-test" />
      <setting name="ImageRuntimeVersion" value="4.0.30319" />
      <setting name="ImageTargetFrameworkName" value=".NETFramework,Version=v4.7.2" />
      <setting name="ImageRequiresX86" value="False" />
      <setting name="ImageRequiresDefaultAppDomainAssemblyResolver" value="False" />
      <setting name="TargetRuntimeFramework" value="net-4.0" />
      <setting name="NumberOfTestWorkers" value="2" />
    </settings>
    <properties>
      <property name="_PID" value="1192" />
      <property name="_APPDOMAIN" value="domain-" />
    </properties>
    <failure>
      <message><![CDATA[One or more child tests had errors]]></message>
    </failure>
    <test-suite type="TestSuite" id="1-1080" name="Configit" fullname="Configit" runstate="Runnable" testcasecount="62" result="Failed" site="Child" start-time="2021-06-23 08:20:08Z" end-time="2021-06-23 09:30:20Z" duration="4211.876251" total="59" passed="44" failed="14" warnings="0" inconclusive="0" skipped="1" asserts="150">
      <properties />
      <failure>
        <message><![CDATA[One or more child tests had errors]]></message>
      </failure>
      <test-suite type="TestSuite" id="1-1081" name="TA" fullname="Configit.TA" runstate="Runnable" testcasecount="62" result="Failed" site="Child" start-time="2021-06-23 08:20:08Z" end-time="2021-06-23 09:30:20Z" duration="4211.875707" total="59" passed="44" failed="14" warnings="0" inconclusive="0" skipped="1" asserts="150">
        <properties />
        <failure>
          <message><![CDATA[One or more child tests had errors]]></message>
        </failure>
        <test-suite type="TestSuite" id="1-1082" name="Tests" fullname="Configit.TA.Tests" runstate="Runnable" testcasecount="62" result="Failed" site="Child" start-time="2021-06-23 08:20:08Z" end-time="2021-06-23 09:30:20Z" duration="4211.875692" total="59" passed="44" failed="14" warnings="0" inconclusive="0" skipped="1" asserts="150">
          <properties />
          <failure>
            <message><![CDATA[One or more child tests had errors]]></message>
          </failure>
          <test-suite type="SetUpFixture" id="1-1000" name="TestScenarios" fullname="Configit.TA.Tests.TestScenarios.TestRunSetup" classname="Configit.TA.Tests.TestScenarios.TestRunSetup" runstate="Runnable" testcasecount="62" result="Failed" site="Child" start-time="2021-06-23 08:20:08Z" end-time="2021-06-23 09:30:20Z" duration="4211.871926" total="59" passed="44" failed="14" warnings="0" inconclusive="0" skipped="1" asserts="150">
            <properties />
            <failure>
              <message><![CDATA[One or more child tests had errors]]></message>
            </failure>
            <output><![CDATA[2021-06-23 08:20:09,119 INFO Configit.TA.Tests.TestScenarios.TestRunSetup -- ############### Running one time setup ###############
2021-06-23 08:20:09,134 INFO Configit.TA.Core.Configuration.TestConfiguration -- Using test environment: https://dailye2e.ace.configit.cloud/
2021-06-23 08:20:09,134 INFO Configit.TA.Tests.TestScenarios.TestRunSetup -- Cleaning screenshots directory: D:\a\ace-e2e-test\ace-e2e-test\Configit.TestAutomation\Configit.TA.Tests\bin\Debug\screenshots
2021-06-23 08:20:09,135 WARN Configit.TA.Tests.TestScenarios.TestRunSetup -- Could not clean screenshots directory. Exception: Could not find a part of the path 'D:\a\ace-e2e-test\ace-e2e-test\Configit.TestAutomation\Configit.TA.Tests\bin\Debug\screenshots'.
2021-06-23 08:20:09,135 INFO Configit.TA.Tests.TestScenarios.TestRunSetup -- ############### Finished one time setup ###############
2021-06-23 09:30:18,956 INFO Configit.TA.Tests.TestScenarios.TestRunSetup -- ############### Running one time teardown ###############
2021-06-23 09:30:20,961 INFO Configit.TA.Tests.TestScenarios.TestRunSetup -- ############### Finished one time teardown ###############
]]></output>
            <test-suite type="TestSuite" id="1-1087" name="AceModel" fullname="Configit.TA.Tests.TestScenarios.AceModel" runstate="Runnable" testcasecount="46" result="Failed" site="Child" start-time="2021-06-23 08:20:09Z" end-time="2021-06-23 09:16:07Z" duration="3358.267890" total="46" passed="36" failed="9" warnings="0" inconclusive="0" skipped="1" asserts="0">
              <properties />
              <failure>
                <message><![CDATA[One or more child tests had errors]]></message>
              </failure>
              <test-suite type="TestFixture" id="1-1021" name="AdministrationTestSuite" fullname="Configit.TA.Tests.TestScenarios.AceModel.AdministrationTestSuite" classname="Configit.TA.Tests.TestScenarios.AceModel.AdministrationTestSuite" runstate="Runnable" testcasecount="1" result="Skipped" label="Ignored" site="Child" start-time="2021-06-23 08:20:09Z" end-time="2021-06-23 08:20:09Z" duration="0.016404" total="1" passed="0" failed="0" warnings="0" inconclusive="0" skipped="1" asserts="0">
                <properties />
                <reason>
                  <message><![CDATA[One or more child tests were ignored]]></message>
                </reason>
                <output><![CDATA[2021-06-23 08:20:09,138 INFO Configit.TA.Core.Configuration.LogExecutionDetailsAttribute -- ########## Started running  test suite: [AdministrationTestSuite]
2021-06-23 08:20:09,151 INFO Configit.TA.Core.Configuration.LogExecutionDetailsAttribute -- ########## Finished running  test suite: [AdministrationTestSuite]
]]></output>
                <test-case id="1-1022" name="ChangeFamilyCodeLength" fullname="Configit.TA.Tests.TestScenarios.AceModel.AdministrationTestSuite.ChangeFamilyCodeLength" methodname="ChangeFamilyCodeLength" classname="Configit.TA.Tests.TestScenarios.AceModel.AdministrationTestSuite" runstate="Ignored" seed="1024544683" result="Skipped" label="Ignored" start-time="2021-06-23 08:20:09Z" end-time="2021-06-23 08:20:09Z" duration="0.006031" asserts="0">
                  <properties>
                    <property name="Category" value="AceModelCategory" />
                    <property name="_SKIPREASON" value="Verify if the steps are correct" />
                  </properties>
                  <reason>
                    <message><![CDATA[Verify if the steps are correct]]></message>
                  </reason>
                </test-case>
              </test-suite>
              <test-suite type="TestFixture" id="1-1032" name="CompileProductTestSuite" fullname="Configit.TA.Tests.TestScenarios.AceModel.CompileProductTestSuite" classname="Configit.TA.Tests.TestScenarios.AceModel.CompileProductTestSuite" runstate="Runnable" testcasecount="3" result="Passed" start-time="2021-06-23 08:20:09Z" end-time="2021-06-23 08:22:25Z" duration="136.097925" total="3" passed="3" failed="0" warnings="0" inconclusive="0" skipped="0" asserts="0">
                <properties />
                <output><![CDATA[2021-06-23 08:20:09,157 INFO Configit.TA.Core.Configuration.LogExecutionDetailsAttribute -- ########## Started running  test suite: [CompileProductTestSuite]
2021-06-23 08:22:25,265 INFO Configit.TA.Core.Configuration.LogExecutionDetailsAttribute -- ########## Finished running  test suite: [CompileProductTestSuite]
]]></output>
                <test-suite type="ParameterizedMethod" id="1-1036" name="CompileProductModel" fullname="Configit.TA.Tests.TestScenarios.AceModel.CompileProductTestSuite.CompileProductModel" classname="Configit.TA.Tests.TestScenarios.AceModel.CompileProductTestSuite" runstate="Runnable" testcasecount="3" result="Passed" start-time="2021-06-23 08:20:09Z" end-time="2021-06-23 08:22:25Z" duration="136.097689" total="3" passed="3" failed="0" warnings="0" inconclusive="0" skipped="0" asserts="0">
                  <properties>
                    <property name="Category" value="AceModelCategory" />
                  </properties>
                  <test-case id="1-1033" name="CompileProductModel(&quot;X0&quot;)" fullname="Configit.TA.Tests.TestScenarios.AceModel.CompileProductTestSuite.CompileProductModel(&quot;X0&quot;)" methodname="CompileProductModel" classname="Configit.TA.Tests.TestScenarios.AceModel.CompileProductTestSuite" runstate="Runnable" seed="576606615" result="Passed" start-time="2021-06-23 08:20:09Z" end-time="2021-06-23 08:21:09Z" duration="60.615144" asserts="0">
                    <properties>
                      <property name="Description" value="Should compile X0 successfully" />
                    </properties>
                    <output><![CDATA[2021-06-23 08:20:09,160 INFO Configit.TA.Core.Configuration.LogExecutionDetailsAttribute -- ##### Started running  test case: [CompileProductModel]
2021-06-23 08:20:09,162 INFO Configit.TA.Tests.TestScenarios.Base.BaseWebTestSuite -- Initializing browser window...
2021-06-23 08:20:09,164 INFO Configit.TA.Core.Extensions.WrappedWebDriver -- Creating webdriver instance...
2021-06-23 08:20:10,474 INFO Configit.TA.Tests.TestScenarios.Base.BaseWebTestSuite -- Browser initialized.
2021-06-23 08:20:10,478 INFO Configit.TA.Tests.TestSteps.BaseStep -- # Executing step: [Login] with parameters: [Admin]
2021-06-23 08:20:15,025 INFO Configit.TA.Tests.TestSteps.BaseStep -- # Executing step: [CompileProduct] with parameters: [X0]
2021-06-23 08:21:09,652 INFO Configit.TA.Tests.TestScenarios.Base.BaseWebTestSuite -- Closing the browser...
2021-06-23 08:21:09,776 WARN Configit.TA.Core.Extensions.WebDriverExtension -- [WARN] Could not kill remaining chromedriver processes. Inner exception: Cannot process request because the process (5504) has exited.
2021-06-23 08:21:09,776 INFO Configit.TA.Core.Configuration.LogExecutionDetailsAttribute -- ##### Finished running  test case: [CompileProductModel]
]]></output>
                  </test-case>
                  <test-case id="1-1034" name="CompileProductModel(&quot;V950&quot;)" fullname="Configit.TA.Tests.TestScenarios.AceModel.CompileProductTestSuite.CompileProductModel(&quot;V950&quot;)" methodname="CompileProductModel" classname="Configit.TA.Tests.TestScenarios.AceModel.CompileProductTestSuite" runstate="Runnable" seed="1654587639" result="Passed" start-time="2021-06-23 08:21:09Z" end-time="2021-06-23 08:21:45Z" duration="36.022755" asserts="0">
                    <properties>
                      <property name="Description" value="Should compile V950 successfully" />
                    </properties>
                    <output><![CDATA[2021-06-23 08:21:09,777 INFO Configit.TA.Core.Configuration.LogExecutionDetailsAttribute -- ##### Started running  test case: [CompileProductModel]
2021-06-23 08:21:09,777 INFO Configit.TA.Tests.TestScenarios.Base.BaseWebTestSuite -- Initializing browser window...
2021-06-23 08:21:09,777 INFO Configit.TA.Core.Extensions.WrappedWebDriver -- Creating webdriver instance...
2021-06-23 08:21:10,990 INFO Configit.TA.Tests.TestScenarios.Base.BaseWebTestSuite -- Browser initialized.
2021-06-23 08:21:10,990 INFO Configit.TA.Tests.TestSteps.BaseStep -- # Executing step: [Login] with parameters: [Admin]
2021-06-23 08:21:15,291 INFO Configit.TA.Tests.TestSteps.BaseStep -- # Executing step: [CompileProduct] with parameters: [V950]
2021-06-23 08:21:45,705 INFO Configit.TA.Tests.TestScenarios.Base.BaseWebTestSuite -- Closing the browser...
2021-06-23 08:21:45,803 INFO Configit.TA.Core.Configuration.LogExecutionDetailsAttribute -- ##### Finished running  test case: [CompileProductModel]
]]></output>
                  </test-case>
                  <test-case id="1-1035" name="CompileProductModel(&quot;IHEAR&quot;)" fullname="Configit.TA.Tests.TestScenarios.AceModel.CompileProductTestSuite.CompileProductModel(&quot;IHEAR&quot;)" methodname="CompileProductModel" classname="Configit.TA.Tests.TestScenarios.AceModel.CompileProductTestSuite" runstate="Runnable" seed="2016324278" result="Passed" start-time="2021-06-23 08:21:45Z" end-time="2021-06-23 08:22:25Z" duration="39.459134" asserts="0">
                    <properties>
                      <property name="Description" value="Should compile IHEAR successfully" />
                    </properties>
                    <output><![CDATA[2021-06-23 08:21:45,803 INFO Configit.TA.Core.Configuration.LogExecutionDetailsAttribute -- ##### Started running  test case: [CompileProductModel]
2021-06-23 08:21:45,803 INFO Configit.TA.Tests.TestScenarios.Base.BaseWebTestSuite -- Initializing browser window...
2021-06-23 08:21:45,803 INFO Configit.TA.Core.Extensions.WrappedWebDriver -- Creating webdriver instance...
2021-06-23 08:21:47,017 INFO Configit.TA.Tests.TestScenarios.Base.BaseWebTestSuite -- Browser initialized.
2021-06-23 08:21:47,017 INFO Configit.TA.Tests.TestSteps.BaseStep -- # Executing step: [Login] with parameters: [Admin]
2021-06-23 08:21:51,528 INFO Configit.TA.Tests.TestSteps.BaseStep -- # Executing step: [CompileProduct] with parameters: [IHEAR]
2021-06-23 08:22:25,167 INFO Configit.TA.Tests.TestScenarios.Base.BaseWebTestSuite -- Closing the browser...
2021-06-23 08:22:25,265 INFO Configit.TA.Core.Configuration.LogExecutionDetailsAttribute -- ##### Finished running  test case: [CompileProductModel]
]]></output>
                  </test-case>
                </test-suite>
              </test-suite>
              <test-suite type="TestFixture" id="1-1055" name="FeatureApplicabilityTestSuite" fullname="Configit.TA.Tests.TestScenarios.AceModel.FeatureApplicabilityTestSuite" classname="Configit.TA.Tests.TestScenarios.AceModel.FeatureApplicabilityTestSuite" runstate="Runnable" testcasecount="7" result="Failed" site="Child" start-time="2021-06-23 08:22:25Z" end-time="2021-06-23 08:32:12Z" duration="587.238975" total="7" passed="0" failed="7" warnings="0" inconclusive="0" skipped="0" asserts="0">
                <properties />
                <failure>
                  <message><![CDATA[One or more child tests had errors]]></message>
                </failure>
                <output><![CDATA[2021-06-23 08:22:25,266 INFO Configit.TA.Core.Configuration.LogExecutionDetailsAttribute -- ########## Started running  test suite: [FeatureApplicabilityTestSuite]
2021-06-23 08:32:12,548 INFO Configit.TA.Core.Configuration.LogExecutionDetailsAttribute -- ########## Finished running  test suite: [FeatureApplicabilityTestSuite]
]]></output>
                <test-case id="1-1056" name="AddFeatureApplicabilityDefault" fullname="Configit.TA.Tests.TestScenarios.AceModel.FeatureApplicabilityTestSuite.AddFeatureApplicabilityDefault" methodname="AddFeatureApplicabilityDefault" classname="Configit.TA.Tests.TestScenarios.AceModel.FeatureApplicabilityTestSuite" runstate="Runnable" seed="1767982390" result="Failed" label="Error" start-time="2021-06-23 08:22:25Z" end-time="2021-06-23 08:23:40Z" duration="75.084397" asserts="0">
                  <properties>
                    <property name="Category" value="AceModelCategory" />
                  </properties>
                  <failure>
                    <message><![CDATA[System.Exception : Waiting for condition: [WaitUntilIsDisplayed] on object [UiLabel] By: [By.XPath: //*[@label='Status']]... failed after [15] seconds.]]></message>
                    <stack-trace><![CDATA[   at Configit.TA.Core.WaitService.WaitForCondition[T](T obj, Func`2 condition, Int32 maxTimeoutSeconds, Boolean throwException, Action actionAfterCondition) in D:\a\ace-e2e-test\ace-e2e-test\Configit.TestAutomation\Configit.TA.Core\WaitService.cs:line 61
   at Configit.TA.Core.UiElements.UiWebElement.WaitUntil(Func`2 condition, Int32 timeoutInSeconds, Boolean throwException, Action actionAfterCondition) in D:\a\ace-e2e-test\ace-e2e-test\Configit.TestAutomation\Configit.TA.Core\UiElements\UiWebElement.cs:line 301
   at Configit.TA.Core.UiElements.UiWebElement.WaitUntilIsDisplayed(Int32 timeoutInSeconds) in D:\a\ace-e2e-test\ace-e2e-test\Configit.TestAutomation\Configit.TA.Core\UiElements\UiWebElement.cs:line 113
   at Configit.TA.Core.UiElements.UiWebElement.GetInnerText() in D:\a\ace-e2e-test\ace-e2e-test\Configit.TestAutomation\Configit.TA.Core\UiElements\UiWebElement.cs:line 204
   at Configit.TA.Core.UiElements.UiWebElement.GetParsedText() in D:\a\ace-e2e-test\ace-e2e-test\Configit.TestAutomation\Configit.TA.Core\UiElements\UiWebElement.cs:line 216
   at Configit.TA.Tests.TestSteps.ProductDefaultsSteps.AddFeatureApplicability(String productName, String familyName, Effectivity effectivity, Boolean navigateFromHome) in D:\a\ace-e2e-test\ace-e2e-test\Configit.TestAutomation\Configit.TA.Tests\TestSteps\ProductDefaultsSteps.cs:line 451
   at Configit.TA.Tests.TestScenarios.AceModel.FeatureApplicabilityTestSuite.AddFeatureApplicabilityDefault() in D:\a\ace-e2e-test\ace-e2e-test\Configit.TestAutomation\Configit.TA.Tests\TestScenarios\AceModel\FeatureApplicabilityTestSuite.cs:line 63]]></stack-trace>
                  </failure>
                  <output><![CDATA[2021-06-23 08:22:25,266 INFO Configit.TA.Core.Configuration.LogExecutionDetailsAttribute -- ##### Started running  test case: [AddFeatureApplicabilityDefault]
2021-06-23 08:22:25,266 INFO Configit.TA.Tests.TestScenarios.Base.BaseWebTestSuite -- Initializing browser window...
2021-06-23 08:22:25,266 INFO Configit.TA.Core.Extensions.WrappedWebDriver -- Creating webdriver instance...
2021-06-23 08:22:26,503 INFO Configit.TA.Tests.TestScenarios.Base.BaseWebTestSuite -- Browser initialized.
2021-06-23 08:22:26,504 INFO Configit.TA.Tests.TestSteps.BaseStep -- # Executing step: [Login] with parameters: [Admin]
2021-06-23 08:22:30,815 INFO Configit.TA.Tests.TestSteps.BaseStep -- # Executing step: [CreateWorkItemFromHomePage] with parameters: [WI_23062021_082230815, test work item]
2021-06-23 08:22:33,624 INFO Configit.TA.Tests.TestSteps.BaseStep -- # Executing step: [NavigateToWorkItemsPage]
2021-06-23 08:22:34,749 INFO Configit.TA.Tests.TestSteps.BaseStep -- # Executing step: [OpenWorkItemDetails] with parameters: [WI_23062021_082230815]
2021-06-23 08:22:38,265 INFO Configit.TA.Tests.TestSteps.BaseStep -- # Executing step: [AddFeatures] with parameters: [Family code: PCOL Feature codes: ]
2021-06-23 08:22:58,951 INFO Configit.TA.Tests.TestSteps.BaseStep -- # Executing step: [AddFeatureApplicability] with parameters: [Sample Bus, PCOL]
2021-06-23 08:23:22,948 ERROR Configit.TA.Core.WaitService -- Waiting for condition: [WaitUntilIsDisplayed] on object [UiLabel] By: [By.XPath: //*[@label='Status']]... failed after [15] seconds.
2021-06-23 08:23:23,312 INFO Configit.TA.Core.Extensions.WebDriverExtension -- Screenshot saved: D:\a\ace-e2e-test\ace-e2e-test\Configit.TestAutomation\Configit.TA.Tests\bin\Debug\screenshots\AddFeatureApplicabilityDefault1-1056_20210623_082322949.png
2021-06-23 08:23:23,424 INFO Configit.TA.Tests.TestScenarios.Base.BaseWebTestSuite -- Closing the browser...
2021-06-23 08:23:23,530 INFO Configit.TA.Tests.TestScenarios.Base.BaseWebTestSuite -- Initializing browser window...
2021-06-23 08:23:23,530 INFO Configit.TA.Core.Extensions.WrappedWebDriver -- Creating webdriver instance...
2021-06-23 08:23:24,759 INFO Configit.TA.Tests.TestScenarios.Base.BaseWebTestSuite -- Browser initialized.
2021-06-23 08:23:24,759 INFO Configit.TA.Tests.TestSteps.BaseStep -- # Executing step: [Login] with parameters: [Admin]
2021-06-23 08:23:29,260 INFO Configit.TA.Tests.TestSteps.BaseStep -- # Executing step: [NavigateToWorkItemsPage]
2021-06-23 08:23:30,359 INFO Configit.TA.Tests.TestSteps.BaseStep -- # Executing step: [OpenWorkItemDetails] with parameters: [WI_23062021_082230815]
2021-06-23 08:23:34,310 INFO Configit.TA.Tests.TestSteps.BaseStep -- # Executing step: [CloseWorkItem] with parameters: [WI_23062021_082230815]
2021-06-23 08:23:40,260 INFO Configit.TA.Tests.TestScenarios.Base.BaseWebTestSuite -- Closing the browser...
2021-06-23 08:23:40,356 INFO Configit.TA.Core.Configuration.LogExecutionDetailsAttribute -- ##### Finished running  test case: [AddFeatureApplicabilityDefault]
]]></output>
                  <attachments>
                    <attachment>
                      <filePath>D:\a\ace-e2e-test\ace-e2e-test\Configit.TestAutomation\Configit.TA.Tests\bin\Debug\screenshots\AddFeatureApplicabilityDefault1-1056_20210623_082322949.png</filePath>
                    </attachment>
                  </attachments>
                </test-case>
                <test-case id="1-1061" name="AddFeatureApplicabilityOverDefault" fullname="Configit.TA.Tests.TestScenarios.AceModel.FeatureApplicabilityTestSuite.AddFeatureApplicabilityOverDefault" methodname="AddFeatureApplicabilityOverDefault" classname="Configit.TA.Tests.TestScenarios.AceModel.FeatureApplicabilityTestSuite" runstate="Runnable" seed="1756213978" result="Failed" label="Error" start-time="2021-06-23 08:23:40Z" end-time="2021-06-23 08:25:44Z" duration="123.957828" asserts="0">
                  <properties>
                    <property name="Category" value="AceModelCategory" />
                  </properties>
                  <failure>
                    <message><![CDATA[System.Exception : Waiting for condition: [WaitUntilIsDisplayed] on object [UiLabel] By: [By.XPath: //*[@label='Status']]... failed after [15] seconds.]]></message>
                    <stack-trace><![CDATA[   at Configit.TA.Core.WaitService.WaitForCondition[T](T obj, Func`2 condition, Int32 maxTimeoutSeconds, Boolean throwException, Action actionAfterCondition) in D:\a\ace-e2e-test\ace-e2e-test\Configit.TestAutomation\Configit.TA.Core\WaitService.cs:line 61
   at Configit.TA.Core.UiElements.UiWebElement.WaitUntil(Func`2 condition, Int32 timeoutInSeconds, Boolean throwException, Action actionAfterCondition) in D:\a\ace-e2e-test\ace-e2e-test\Configit.TestAutomation\Configit.TA.Core\UiElements\UiWebElement.cs:line 301
   at Configit.TA.Core.UiElements.UiWebElement.WaitUntilIsDisplayed(Int32 timeoutInSeconds) in D:\a\ace-e2e-test\ace-e2e-test\Configit.TestAutomation\Configit.TA.Core\UiElements\UiWebElement.cs:line 113
   at Configit.TA.Core.UiElements.UiWebElement.GetInnerText() in D:\a\ace-e2e-test\ace-e2e-test\Configit.TestAutomation\Configit.TA.Core\UiElements\UiWebElement.cs:line 204
   at Configit.TA.Core.UiElements.UiWebElement.GetParsedText() in D:\a\ace-e2e-test\ace-e2e-test\Configit.TestAutomation\Configit.TA.Core\UiElements\UiWebElement.cs:line 216
   at Configit.TA.Tests.TestSteps.ProductDefaultsSteps.AddFeatureApplicability(String productName, String familyName, Effectivity effectivity, Boolean navigateFromHome) in D:\a\ace-e2e-test\ace-e2e-test\Configit.TestAutomation\Configit.TA.Tests\TestSteps\ProductDefaultsSteps.cs:line 451
   at Configit.TA.Tests.TestScenarios.AceModel.FeatureApplicabilityTestSuite.AddFeatureApplicabilityOverDefault() in D:\a\ace-e2e-test\ace-e2e-test\Configit.TestAutomation\Configit.TA.Tests\TestScenarios\AceModel\FeatureApplicabilityTestSuite.cs:line 251]]></stack-trace>
                  </failure>
                  <output><![CDATA[2021-06-23 08:23:40,356 INFO Configit.TA.Core.Configuration.LogExecutionDetailsAttribute -- ##### Started running  test case: [AddFeatureApplicabilityOverDefault]
2021-06-23 08:23:40,356 INFO Configit.TA.Tests.TestScenarios.Base.BaseWebTestSuite -- Initializing browser window...
2021-06-23 08:23:40,356 INFO Configit.TA.Core.Extensions.WrappedWebDriver -- Creating webdriver instance...
2021-06-23 08:23:41,586 INFO Configit.TA.Tests.TestScenarios.Base.BaseWebTestSuite -- Browser initialized.
2021-06-23 08:23:41,586 INFO Configit.TA.Tests.TestSteps.BaseStep -- # Executing step: [Login] with parameters: [Admin]
2021-06-23 08:23:46,042 INFO Configit.TA.Tests.TestSteps.BaseStep -- # Executing step: [CreateWorkItemFromHomePage] with parameters: [WI_23062021_082346042, test work item]
2021-06-23 08:23:48,890 INFO Configit.TA.Tests.TestSteps.BaseStep -- # Executing step: [NavigateToWorkItemsPage]
2021-06-23 08:23:50,018 INFO Configit.TA.Tests.TestSteps.BaseStep -- # Executing step: [OpenWorkItemDetails] with parameters: [WI_23062021_082346042]
2021-06-23 08:23:55,743 INFO Configit.TA.Tests.TestSteps.BaseStep -- # Executing step: [CreateDefault] with parameters: [Sample Bus, IF SEAT86 then 6 wheels, if V950_BM.SEAT86 then NUM_WHEELS.NUM_FEATURE_6, Job 1, Default End Date, NUM_WHEELS]
2021-06-23 08:24:55,873 INFO Configit.TA.Tests.TestSteps.BaseStep -- # Executing step: [AddFeatureApplicability] with parameters: [Sample Bus, NUM_WHEELS]
2021-06-23 08:25:27,354 ERROR Configit.TA.Core.WaitService -- Waiting for condition: [WaitUntilIsDisplayed] on object [UiLabel] By: [By.XPath: //*[@label='Status']]... failed after [15] seconds.
2021-06-23 08:25:27,592 INFO Configit.TA.Core.Extensions.WebDriverExtension -- Screenshot saved: D:\a\ace-e2e-test\ace-e2e-test\Configit.TestAutomation\Configit.TA.Tests\bin\Debug\screenshots\AddFeatureApplicabilityOverDefault1-1061_20210623_082527354.png
2021-06-23 08:25:27,593 INFO Configit.TA.Tests.TestScenarios.Base.BaseWebTestSuite -- Closing the browser...
2021-06-23 08:25:27,708 INFO Configit.TA.Tests.TestScenarios.Base.BaseWebTestSuite -- Initializing browser window...
2021-06-23 08:25:27,708 INFO Configit.TA.Core.Extensions.WrappedWebDriver -- Creating webdriver instance...
2021-06-23 08:25:28,959 INFO Configit.TA.Tests.TestScenarios.Base.BaseWebTestSuite -- Browser initialized.
2021-06-23 08:25:28,959 INFO Configit.TA.Tests.TestSteps.BaseStep -- # Executing step: [Login] with parameters: [Admin]
2021-06-23 08:25:33,354 INFO Configit.TA.Tests.TestSteps.BaseStep -- # Executing step: [NavigateToWorkItemsPage]
2021-06-23 08:25:34,466 INFO Configit.TA.Tests.TestSteps.BaseStep -- # Executing step: [OpenWorkItemDetails] with parameters: [WI_23062021_082346042]
2021-06-23 08:25:38,314 INFO Configit.TA.Tests.TestSteps.BaseStep -- # Executing step: [CloseWorkItem] with parameters: [WI_23062021_082346042]
2021-06-23 08:25:44,218 INFO Configit.TA.Tests.TestScenarios.Base.BaseWebTestSuite -- Closing the browser...
2021-06-23 08:25:44,323 INFO Configit.TA.Core.Configuration.LogExecutionDetailsAttribute -- ##### Finished running  test case: [AddFeatureApplicabilityOverDefault]
]]></output>
                  <attachments>
                    <attachment>
                      <filePath>D:\a\ace-e2e-test\ace-e2e-test\Configit.TestAutomation\Configit.TA.Tests\bin\Debug\screenshots\AddFeatureApplicabilityOverDefault1-1061_20210623_082527354.png</filePath>
                    </attachment>
                  </attachments>
                </test-case>
                <test-case id="1-1057" name="AddFeatureApplicabilitySelections" fullname="Configit.TA.Tests.TestScenarios.AceModel.FeatureApplicabilityTestSuite.AddFeatureApplicabilitySelections" methodname="AddFeatureApplicabilitySelections" classname="Configit.TA.Tests.TestScenarios.AceModel.FeatureApplicabilityTestSuite" runstate="Runnable" seed="629569719" result="Failed" label="Error" start-time="2021-06-23 08:25:44Z" end-time="2021-06-23 08:26:56Z" duration="71.980898" asserts="0">
                  <properties>
                    <property name="Category" value="AceModelCategory" />
                  </properties>
                  <failure>
                    <message><![CDATA[System.Exception : Waiting for condition: [WaitUntilIsDisplayed] on object [UiLabel] By: [By.XPath: //*[@label='Status']]... failed after [15] seconds.]]></message>
                    <stack-trace><![CDATA[   at Configit.TA.Core.WaitService.WaitForCondition[T](T obj, Func`2 condition, Int32 maxTimeoutSeconds, Boolean throwException, Action actionAfterCondition) in D:\a\ace-e2e-test\ace-e2e-test\Configit.TestAutomation\Configit.TA.Core\WaitService.cs:line 61
   at Configit.TA.Core.UiElements.UiWebElement.WaitUntil(Func`2 condition, Int32 timeoutInSeconds, Boolean throwException, Action actionAfterCondition) in D:\a\ace-e2e-test\ace-e2e-test\Configit.TestAutomation\Configit.TA.Core\UiElements\UiWebElement.cs:line 301
   at Configit.TA.Core.UiElements.UiWebElement.WaitUntilIsDisplayed(Int32 timeoutInSeconds) in D:\a\ace-e2e-test\ace-e2e-test\Configit.TestAutomation\Configit.TA.Core\UiElements\UiWebElement.cs:line 113
   at Configit.TA.Core.UiElements.UiWebElement.GetInnerText() in D:\a\ace-e2e-test\ace-e2e-test\Configit.TestAutomation\Configit.TA.Core\UiElements\UiWebElement.cs:line 204
   at Configit.TA.Core.UiElements.UiWebElement.GetParsedText() in D:\a\ace-e2e-test\ace-e2e-test\Configit.TestAutomation\Configit.TA.Core\UiElements\UiWebElement.cs:line 216
   at Configit.TA.Tests.TestSteps.ProductDefaultsSteps.AddFeatureApplicability(String productName, String familyName, Effectivity effectivity, Boolean navigateFromHome) in D:\a\ace-e2e-test\ace-e2e-test\Configit.TestAutomation\Configit.TA.Tests\TestSteps\ProductDefaultsSteps.cs:line 451
   at Configit.TA.Tests.TestScenarios.AceModel.FeatureApplicabilityTestSuite.AddFeatureApplicabilitySelections() in D:\a\ace-e2e-test\ace-e2e-test\Configit.TestAutomation\Configit.TA.Tests\TestScenarios\AceModel\FeatureApplicabilityTestSuite.cs:line 98]]></stack-trace>
                  </failure>
                  <output><![CDATA[2021-06-23 08:25:44,323 INFO Configit.TA.Core.Configuration.LogExecutionDetailsAttribute -- ##### Started running  test case: [AddFeatureApplicabilitySelections]
2021-06-23 08:25:44,323 INFO Configit.TA.Tests.TestScenarios.Base.BaseWebTestSuite -- Initializing browser window...
2021-06-23 08:25:44,323 INFO Configit.TA.Core.Extensions.WrappedWebDriver -- Creating webdriver instance...
2021-06-23 08:25:45,562 INFO Configit.TA.Tests.TestScenarios.Base.BaseWebTestSuite -- Browser initialized.
2021-06-23 08:25:45,562 INFO Configit.TA.Tests.TestSteps.BaseStep -- # Executing step: [Login] with parameters: [Admin]
2021-06-23 08:25:49,933 INFO Configit.TA.Tests.TestSteps.BaseStep -- # Executing step: [CreateWorkItemFromHomePage] with parameters: [WI_23062021_082549933, test work item]
2021-06-23 08:25:52,727 INFO Configit.TA.Tests.TestSteps.BaseStep -- # Executing step: [NavigateToWorkItemsPage]
2021-06-23 08:25:53,811 INFO Configit.TA.Tests.TestSteps.BaseStep -- # Executing step: [OpenWorkItemDetails] with parameters: [WI_23062021_082549933]
2021-06-23 08:25:57,289 INFO Configit.TA.Tests.TestSteps.BaseStep -- # Executing step: [AddFeatures] with parameters: [Family code: PCOL Feature codes: ]
2021-06-23 08:26:15,881 INFO Configit.TA.Tests.TestSteps.BaseStep -- # Executing step: [AddFeatureApplicability] with parameters: [Sample Bus, PCOL]
2021-06-23 08:26:39,551 ERROR Configit.TA.Core.WaitService -- Waiting for condition: [WaitUntilIsDisplayed] on object [UiLabel] By: [By.XPath: //*[@label='Status']]... failed after [15] seconds.
2021-06-23 08:26:39,785 INFO Configit.TA.Core.Extensions.WebDriverExtension -- Screenshot saved: D:\a\ace-e2e-test\ace-e2e-test\Configit.TestAutomation\Configit.TA.Tests\bin\Debug\screenshots\AddFeatureApplicabilitySelections1-1057_20210623_082639551.png
2021-06-23 08:26:39,786 INFO Configit.TA.Tests.TestScenarios.Base.BaseWebTestSuite -- Closing the browser...
2021-06-23 08:26:39,885 INFO Configit.TA.Tests.TestScenarios.Base.BaseWebTestSuite -- Initializing browser window...
2021-06-23 08:26:39,885 INFO Configit.TA.Core.Extensions.WrappedWebDriver -- Creating webdriver instance...
2021-06-23 08:26:41,105 INFO Configit.TA.Tests.TestScenarios.Base.BaseWebTestSuite -- Browser initialized.
2021-06-23 08:26:41,105 INFO Configit.TA.Tests.TestSteps.BaseStep -- # Executing step: [Login] with parameters: [Admin]
2021-06-23 08:26:45,459 INFO Configit.TA.Tests.TestSteps.BaseStep -- # Executing step: [NavigateToWorkItemsPage]
2021-06-23 08:26:46,563 INFO Configit.TA.Tests.TestSteps.BaseStep -- # Executing step: [OpenWorkItemDetails] with parameters: [WI_23062021_082549933]
2021-06-23 08:26:50,384 INFO Configit.TA.Tests.TestSteps.BaseStep -- # Executing step: [CloseWorkItem] with parameters: [WI_23062021_082549933]
2021-06-23 08:26:56,202 INFO Configit.TA.Tests.TestScenarios.Base.BaseWebTestSuite -- Closing the browser...
2021-06-23 08:26:56,309 INFO Configit.TA.Core.Configuration.LogExecutionDetailsAttribute -- ##### Finished running  test case: [AddFeatureApplicabilitySelections]
]]></output>
                  <attachments>
                    <attachment>
                      <filePath>D:\a\ace-e2e-test\ace-e2e-test\Configit.TestAutomation\Configit.TA.Tests\bin\Debug\screenshots\AddFeatureApplicabilitySelections1-1057_20210623_082639551.png</filePath>
                    </attachment>
                  </attachments>
                </test-case>
                <test-case id="1-1060" name="AddFeatureWithNoEffectivity" fullname="Configit.TA.Tests.TestScenarios.AceModel.FeatureApplicabilityTestSuite.AddFeatureWithNoEffectivity" methodname="AddFeatureWithNoEffectivity" classname="Configit.TA.Tests.TestScenarios.AceModel.FeatureApplicabilityTestSuite" runstate="Runnable" seed="1771940570" result="Failed" label="Error" start-time="2021-06-23 08:26:56Z" end-time="2021-06-23 08:28:05Z" duration="69.670957" asserts="0">
                  <properties>
                    <property name="Category" value="AceModelCategory" />
                  </properties>
                  <failure>
                    <message><![CDATA[System.Exception : Waiting for condition: [WaitUntilIsDisplayed] on object [UiLabel] By: [By.XPath: //*[@label='Status']]... failed after [15] seconds.]]></message>
                    <stack-trace><![CDATA[   at Configit.TA.Core.WaitService.WaitForCondition[T](T obj, Func`2 condition, Int32 maxTimeoutSeconds, Boolean throwException, Action actionAfterCondition) in D:\a\ace-e2e-test\ace-e2e-test\Configit.TestAutomation\Configit.TA.Core\WaitService.cs:line 61
   at Configit.TA.Core.UiElements.UiWebElement.WaitUntil(Func`2 condition, Int32 timeoutInSeconds, Boolean throwException, Action actionAfterCondition) in D:\a\ace-e2e-test\ace-e2e-test\Configit.TestAutomation\Configit.TA.Core\UiElements\UiWebElement.cs:line 301
   at Configit.TA.Core.UiElements.UiWebElement.WaitUntilIsDisplayed(Int32 timeoutInSeconds) in D:\a\ace-e2e-test\ace-e2e-test\Configit.TestAutomation\Configit.TA.Core\UiElements\UiWebElement.cs:line 113
   at Configit.TA.Core.UiElements.UiWebElement.GetInnerText() in D:\a\ace-e2e-test\ace-e2e-test\Configit.TestAutomation\Configit.TA.Core\UiElements\UiWebElement.cs:line 204
   at Configit.TA.Core.UiElements.UiWebElement.GetParsedText() in D:\a\ace-e2e-test\ace-e2e-test\Configit.TestAutomation\Configit.TA.Core\UiElements\UiWebElement.cs:line 216
   at Configit.TA.Tests.TestSteps.ProductDefaultsSteps.AddFeatureApplicability(String productName, String familyName, Effectivity effectivity, Boolean navigateFromHome) in D:\a\ace-e2e-test\ace-e2e-test\Configit.TestAutomation\Configit.TA.Tests\TestSteps\ProductDefaultsSteps.cs:line 451
   at Configit.TA.Tests.TestScenarios.AceModel.FeatureApplicabilityTestSuite.AddFeatureWithNoEffectivity() in D:\a\ace-e2e-test\ace-e2e-test\Configit.TestAutomation\Configit.TA.Tests\TestScenarios\AceModel\FeatureApplicabilityTestSuite.cs:line 220]]></stack-trace>
                  </failure>
                  <output><![CDATA[2021-06-23 08:26:56,309 INFO Configit.TA.Core.Configuration.LogExecutionDetailsAttribute -- ##### Started running  test case: [AddFeatureWithNoEffectivity]
2021-06-23 08:26:56,309 INFO Configit.TA.Tests.TestScenarios.Base.BaseWebTestSuite -- Initializing browser window...
2021-06-23 08:26:56,309 INFO Configit.TA.Core.Extensions.WrappedWebDriver -- Creating webdriver instance...
2021-06-23 08:26:57,518 INFO Configit.TA.Tests.TestScenarios.Base.BaseWebTestSuite -- Browser initialized.
2021-06-23 08:26:57,518 INFO Configit.TA.Tests.TestSteps.BaseStep -- # Executing step: [Login] with parameters: [Admin]
2021-06-23 08:27:01,712 INFO Configit.TA.Tests.TestSteps.BaseStep -- # Executing step: [CreateWorkItemFromHomePage] with parameters: [WI_23062021_082701712, test work item]
2021-06-23 08:27:04,492 INFO Configit.TA.Tests.TestSteps.BaseStep -- # Executing step: [NavigateToWorkItemsPage]
2021-06-23 08:27:05,599 INFO Configit.TA.Tests.TestSteps.BaseStep -- # Executing step: [OpenWorkItemDetails] with parameters: [WI_23062021_082701712]
2021-06-23 08:27:08,999 INFO Configit.TA.Tests.TestSteps.BaseStep -- # Executing step: [AddFeatures] with parameters: [Family code: PCOL Feature codes: ]
2021-06-23 08:27:25,552 INFO Configit.TA.Tests.TestSteps.BaseStep -- # Executing step: [AddFeatureApplicability] with parameters: [Sample Bus, PCOL]
2021-06-23 08:27:49,166 ERROR Configit.TA.Core.WaitService -- Waiting for condition: [WaitUntilIsDisplayed] on object [UiLabel] By: [By.XPath: //*[@label='Status']]... failed after [15] seconds.
2021-06-23 08:27:49,412 INFO Configit.TA.Core.Extensions.WebDriverExtension -- Screenshot saved: D:\a\ace-e2e-test\ace-e2e-test\Configit.TestAutomation\Configit.TA.Tests\bin\Debug\screenshots\AddFeatureWithNoEffectivity1-1060_20210623_082749166.png
2021-06-23 08:27:49,412 INFO Configit.TA.Tests.TestScenarios.Base.BaseWebTestSuite -- Closing the browser...
2021-06-23 08:27:49,510 INFO Configit.TA.Tests.TestScenarios.Base.BaseWebTestSuite -- Initializing browser window...
2021-06-23 08:27:49,510 INFO Configit.TA.Core.Extensions.WrappedWebDriver -- Creating webdriver instance...
2021-06-23 08:27:50,750 INFO Configit.TA.Tests.TestScenarios.Base.BaseWebTestSuite -- Browser initialized.
2021-06-23 08:27:50,750 INFO Configit.TA.Tests.TestSteps.BaseStep -- # Executing step: [Login] with parameters: [Admin]
2021-06-23 08:27:55,135 INFO Configit.TA.Tests.TestSteps.BaseStep -- # Executing step: [NavigateToWorkItemsPage]
2021-06-23 08:27:56,213 INFO Configit.TA.Tests.TestSteps.BaseStep -- # Executing step: [OpenWorkItemDetails] with parameters: [WI_23062021_082701712]
2021-06-23 08:27:59,827 INFO Configit.TA.Tests.TestSteps.BaseStep -- # Executing step: [CloseWorkItem] with parameters: [WI_23062021_082701712]
2021-06-23 08:28:05,873 INFO Configit.TA.Tests.TestScenarios.Base.BaseWebTestSuite -- Closing the browser...
2021-06-23 08:28:05,985 INFO Configit.TA.Core.Configuration.LogExecutionDetailsAttribute -- ##### Finished running  test case: [AddFeatureWithNoEffectivity]
]]></output>
                  <attachments>
                    <attachment>
                      <filePath>D:\a\ace-e2e-test\ace-e2e-test\Configit.TestAutomation\Configit.TA.Tests\bin\Debug\screenshots\AddFeatureWithNoEffectivity1-1060_20210623_082749166.png</filePath>
                    </attachment>
                  </attachments>
                </test-case>
                <test-case id="1-1059" name="AddMultiValueFeatureApplicabilityDefault" fullname="Configit.TA.Tests.TestScenarios.AceModel.FeatureApplicabilityTestSuite.AddMultiValueFeatureApplicabilityDefault" methodname="AddMultiValueFeatureApplicabilityDefault" classname="Configit.TA.Tests.TestScenarios.AceModel.FeatureApplicabilityTestSuite" runstate="Runnable" seed="930795609" result="Failed" label="Error" start-time="2021-06-23 08:28:05Z" end-time="2021-06-23 08:29:40Z" duration="94.255021" asserts="0">
                  <properties>
                    <property name="Category" value="AceModelCategory" />
                  </properties>
                  <failure>
                    <message><![CDATA[System.Exception : Waiting for condition: [WaitUntilIsDisplayed] on object [UiLabel] By: [By.XPath: //*[@label='Status']]... failed after [15] seconds.]]></message>
                    <stack-trace><![CDATA[   at Configit.TA.Core.WaitService.WaitForCondition[T](T obj, Func`2 condition, Int32 maxTimeoutSeconds, Boolean throwException, Action actionAfterCondition) in D:\a\ace-e2e-test\ace-e2e-test\Configit.TestAutomation\Configit.TA.Core\WaitService.cs:line 61
   at Configit.TA.Core.UiElements.UiWebElement.WaitUntil(Func`2 condition, Int32 timeoutInSeconds, Boolean throwException, Action actionAfterCondition) in D:\a\ace-e2e-test\ace-e2e-test\Configit.TestAutomation\Configit.TA.Core\UiElements\UiWebElement.cs:line 301
   at Configit.TA.Core.UiElements.UiWebElement.WaitUntilIsDisplayed(Int32 timeoutInSeconds) in D:\a\ace-e2e-test\ace-e2e-test\Configit.TestAutomation\Configit.TA.Core\UiElements\UiWebElement.cs:line 113
   at Configit.TA.Core.UiElements.UiWebElement.GetInnerText() in D:\a\ace-e2e-test\ace-e2e-test\Configit.TestAutomation\Configit.TA.Core\UiElements\UiWebElement.cs:line 204
   at Configit.TA.Core.UiElements.UiWebElement.GetParsedText() in D:\a\ace-e2e-test\ace-e2e-test\Configit.TestAutomation\Configit.TA.Core\UiElements\UiWebElement.cs:line 216
   at Configit.TA.Tests.TestSteps.ProductDefaultsSteps.AddFeatureApplicability(String productName, String familyName, Effectivity effectivity, Boolean navigateFromHome) in D:\a\ace-e2e-test\ace-e2e-test\Configit.TestAutomation\Configit.TA.Tests\TestSteps\ProductDefaultsSteps.cs:line 451
   at Configit.TA.Tests.TestScenarios.AceModel.FeatureApplicabilityTestSuite.AddMultiValueFeatureApplicabilityDefault() in D:\a\ace-e2e-test\ace-e2e-test\Configit.TestAutomation\Configit.TA.Tests\TestScenarios\AceModel\FeatureApplicabilityTestSuite.cs:line 195]]></stack-trace>
                  </failure>
                  <output><![CDATA[2021-06-23 08:28:05,985 INFO Configit.TA.Core.Configuration.LogExecutionDetailsAttribute -- ##### Started running  test case: [AddMultiValueFeatureApplicabilityDefault]
2021-06-23 08:28:05,985 INFO Configit.TA.Tests.TestScenarios.Base.BaseWebTestSuite -- Initializing browser window...
2021-06-23 08:28:05,985 INFO Configit.TA.Core.Extensions.WrappedWebDriver -- Creating webdriver instance...
2021-06-23 08:28:07,222 INFO Configit.TA.Tests.TestScenarios.Base.BaseWebTestSuite -- Browser initialized.
2021-06-23 08:28:07,222 INFO Configit.TA.Tests.TestSteps.BaseStep -- # Executing step: [Login] with parameters: [Admin]
2021-06-23 08:28:11,582 INFO Configit.TA.Tests.TestSteps.BaseStep -- # Executing step: [CreateWorkItemFromHomePage] with parameters: [WI_23062021_082811582, test work item]
2021-06-23 08:28:14,392 INFO Configit.TA.Tests.TestSteps.BaseStep -- # Executing step: [NavigateToWorkItemsPage]
2021-06-23 08:28:15,495 INFO Configit.TA.Tests.TestSteps.BaseStep -- # Executing step: [OpenWorkItemDetails] with parameters: [WI_23062021_082811582]
2021-06-23 08:28:18,965 INFO Configit.TA.Tests.TestSteps.BaseStep -- # Executing step: [CreateFeatureFamily] with parameters: [GRPH1, Painted graphics, Feature]
2021-06-23 08:28:24,908 INFO Configit.TA.Tests.TestSteps.BaseStep -- # Executing step: [CreateFeaturesFromFamilyView] with parameters: [Family code: GRPH1 Feature codes: FLMS1,FLMT1,LINF1,PNDB1]
2021-06-23 08:28:28,774 INFO Configit.TA.Tests.TestSteps.BaseStep -- # Executing step: [AddFeatures] with parameters: [Family code: GRPH1 Feature codes: FLMS1,FLMT1,LINF1,PNDB1]
2021-06-23 08:28:59,423 INFO Configit.TA.Tests.TestSteps.BaseStep -- # Executing step: [AddFeatureApplicability] with parameters: [Sample Bus, GRPH1]
2021-06-23 08:29:23,376 ERROR Configit.TA.Core.WaitService -- Waiting for condition: [WaitUntilIsDisplayed] on object [UiLabel] By: [By.XPath: //*[@label='Status']]... failed after [15] seconds.
2021-06-23 08:29:23,610 INFO Configit.TA.Core.Extensions.WebDriverExtension -- Screenshot saved: D:\a\ace-e2e-test\ace-e2e-test\Configit.TestAutomation\Configit.TA.Tests\bin\Debug\screenshots\AddMultiValueFeatureApplicabilityDefault1-1059_20210623_082923376.png
2021-06-23 08:29:23,611 INFO Configit.TA.Tests.TestScenarios.Base.BaseWebTestSuite -- Closing the browser...
2021-06-23 08:29:23,722 INFO Configit.TA.Tests.TestScenarios.Base.BaseWebTestSuite -- Initializing browser window...
2021-06-23 08:29:23,722 INFO Configit.TA.Core.Extensions.WrappedWebDriver -- Creating webdriver instance...
2021-06-23 08:29:24,987 INFO Configit.TA.Tests.TestScenarios.Base.BaseWebTestSuite -- Browser initialized.
2021-06-23 08:29:24,987 INFO Configit.TA.Tests.TestSteps.BaseStep -- # Executing step: [Login] with parameters: [Admin]
2021-06-23 08:29:29,493 INFO Configit.TA.Tests.TestSteps.BaseStep -- # Executing step: [NavigateToWorkItemsPage]
2021-06-23 08:29:30,584 INFO Configit.TA.Tests.TestSteps.BaseStep -- # Executing step: [OpenWorkItemDetails] with parameters: [WI_23062021_082811582]
2021-06-23 08:29:34,200 INFO Configit.TA.Tests.TestSteps.BaseStep -- # Executing step: [CloseWorkItem] with parameters: [WI_23062021_082811582]
2021-06-23 08:29:40,150 INFO Configit.TA.Tests.TestScenarios.Base.BaseWebTestSuite -- Closing the browser...
2021-06-23 08:29:40,247 INFO Configit.TA.Core.Configuration.LogExecutionDetailsAttribute -- ##### Finished running  test case: [AddMultiValueFeatureApplicabilityDefault]
]]></output>
                  <attachments>
                    <attachment>
                      <filePath>D:\a\ace-e2e-test\ace-e2e-test\Configit.TestAutomation\Configit.TA.Tests\bin\Debug\screenshots\AddMultiValueFeatureApplicabilityDefault1-1059_20210623_082923376.png</filePath>
                    </attachment>
                  </attachments>
                </test-case>
                <test-case id="1-1058" name="AddRulePreventingFaDefault" fullname="Configit.TA.Tests.TestScenarios.AceModel.FeatureApplicabilityTestSuite.AddRulePreventingFaDefault" methodname="AddRulePreventingFaDefault" classname="Configit.TA.Tests.TestScenarios.AceModel.FeatureApplicabilityTestSuite" runstate="Runnable" seed="835026996" result="Failed" label="Error" start-time="2021-06-23 08:29:40Z" end-time="2021-06-23 08:30:53Z" duration="73.015459" asserts="0">
                  <properties>
                    <property name="Category" value="AceModelCategory" />
                  </properties>
                  <failure>
                    <message><![CDATA[System.Exception : Waiting for condition: [WaitUntilIsDisplayed] on object [UiLabel] By: [By.XPath: //*[@label='Status']]... failed after [15] seconds.]]></message>
                    <stack-trace><![CDATA[   at Configit.TA.Core.WaitService.WaitForCondition[T](T obj, Func`2 condition, Int32 maxTimeoutSeconds, Boolean throwException, Action actionAfterCondition) in D:\a\ace-e2e-test\ace-e2e-test\Configit.TestAutomation\Configit.TA.Core\WaitService.cs:line 61
   at Configit.TA.Core.UiElements.UiWebElement.WaitUntil(Func`2 condition, Int32 timeoutInSeconds, Boolean throwException, Action actionAfterCondition) in D:\a\ace-e2e-test\ace-e2e-test\Configit.TestAutomation\Configit.TA.Core\UiElements\UiWebElement.cs:line 301
   at Configit.TA.Core.UiElements.UiWebElement.WaitUntilIsDisplayed(Int32 timeoutInSeconds) in D:\a\ace-e2e-test\ace-e2e-test\Configit.TestAutomation\Configit.TA.Core\UiElements\UiWebElement.cs:line 113
   at Configit.TA.Core.UiElements.UiWebElement.GetInnerText() in D:\a\ace-e2e-test\ace-e2e-test\Configit.TestAutomation\Configit.TA.Core\UiElements\UiWebElement.cs:line 204
   at Configit.TA.Core.UiElements.UiWebElement.GetParsedText() in D:\a\ace-e2e-test\ace-e2e-test\Configit.TestAutomation\Configit.TA.Core\UiElements\UiWebElement.cs:line 216
   at Configit.TA.Tests.TestSteps.ProductDefaultsSteps.AddFeatureApplicability(String productName, String familyName, Effectivity effectivity, Boolean navigateFromHome) in D:\a\ace-e2e-test\ace-e2e-test\Configit.TestAutomation\Configit.TA.Tests\TestSteps\ProductDefaultsSteps.cs:line 451
   at Configit.TA.Tests.TestScenarios.AceModel.FeatureApplicabilityTestSuite.AddRulePreventingFaDefault() in D:\a\ace-e2e-test\ace-e2e-test\Configit.TestAutomation\Configit.TA.Tests\TestScenarios\AceModel\FeatureApplicabilityTestSuite.cs:line 140]]></stack-trace>
                  </failure>
                  <output><![CDATA[2021-06-23 08:29:40,247 INFO Configit.TA.Core.Configuration.LogExecutionDetailsAttribute -- ##### Started running  test case: [AddRulePreventingFaDefault]
2021-06-23 08:29:40,247 INFO Configit.TA.Tests.TestScenarios.Base.BaseWebTestSuite -- Initializing browser window...
2021-06-23 08:29:40,247 INFO Configit.TA.Core.Extensions.WrappedWebDriver -- Creating webdriver instance...
2021-06-23 08:29:41,477 INFO Configit.TA.Tests.TestScenarios.Base.BaseWebTestSuite -- Browser initialized.
2021-06-23 08:29:41,477 INFO Configit.TA.Tests.TestSteps.BaseStep -- # Executing step: [Login] with parameters: [Admin]
2021-06-23 08:29:45,905 INFO Configit.TA.Tests.TestSteps.BaseStep -- # Executing step: [CreateWorkItemFromHomePage] with parameters: [WI_23062021_082945905, test work item]
2021-06-23 08:29:48,682 INFO Configit.TA.Tests.TestSteps.BaseStep -- # Executing step: [NavigateToWorkItemsPage]
2021-06-23 08:29:49,777 INFO Configit.TA.Tests.TestSteps.BaseStep -- # Executing step: [OpenWorkItemDetails] with parameters: [WI_23062021_082945905]
2021-06-23 08:29:53,770 INFO Configit.TA.Tests.TestSteps.BaseStep -- # Executing step: [AddFeatures] with parameters: [Family code: PCOL Feature codes: ]
2021-06-23 08:30:12,686 INFO Configit.TA.Tests.TestSteps.BaseStep -- # Executing step: [AddFeatureApplicability] with parameters: [Sample Bus, PCOL]
2021-06-23 08:30:36,436 ERROR Configit.TA.Core.WaitService -- Waiting for condition: [WaitUntilIsDisplayed] on object [UiLabel] By: [By.XPath: //*[@label='Status']]... failed after [15] seconds.
2021-06-23 08:30:36,673 INFO Configit.TA.Core.Extensions.WebDriverExtension -- Screenshot saved: D:\a\ace-e2e-test\ace-e2e-test\Configit.TestAutomation\Configit.TA.Tests\bin\Debug\screenshots\AddRulePreventingFaDefault1-1058_20210623_083036436.png
2021-06-23 08:30:36,673 INFO Configit.TA.Tests.TestScenarios.Base.BaseWebTestSuite -- Closing the browser...
2021-06-23 08:30:36,771 INFO Configit.TA.Tests.TestScenarios.Base.BaseWebTestSuite -- Initializing browser window...
2021-06-23 08:30:36,771 INFO Configit.TA.Core.Extensions.WrappedWebDriver -- Creating webdriver instance...
2021-06-23 08:30:38,034 INFO Configit.TA.Tests.TestScenarios.Base.BaseWebTestSuite -- Browser initialized.
2021-06-23 08:30:38,034 INFO Configit.TA.Tests.TestSteps.BaseStep -- # Executing step: [Login] with parameters: [Admin]
2021-06-23 08:30:42,392 INFO Configit.TA.Tests.TestSteps.BaseStep -- # Executing step: [NavigateToWorkItemsPage]
2021-06-23 08:30:43,512 INFO Configit.TA.Tests.TestSteps.BaseStep -- # Executing step: [OpenWorkItemDetails] with parameters: [WI_23062021_082945905]
2021-06-23 08:30:47,331 INFO Configit.TA.Tests.TestSteps.BaseStep -- # Executing step: [CloseWorkItem] with parameters: [WI_23062021_082945905]
2021-06-23 08:30:53,172 INFO Configit.TA.Tests.TestScenarios.Base.BaseWebTestSuite -- Closing the browser...
2021-06-23 08:30:53,267 INFO Configit.TA.Core.Configuration.LogExecutionDetailsAttribute -- ##### Finished running  test case: [AddRulePreventingFaDefault]
]]></output>
                  <attachments>
                    <attachment>
                      <filePath>D:\a\ace-e2e-test\ace-e2e-test\Configit.TestAutomation\Configit.TA.Tests\bin\Debug\screenshots\AddRulePreventingFaDefault1-1058_20210623_083036436.png</filePath>
                    </attachment>
                  </attachments>
                </test-case>
                <test-case id="1-1062" name="FeatureApplicabilityDefaultsConflict" fullname="Configit.TA.Tests.TestScenarios.AceModel.FeatureApplicabilityTestSuite.FeatureApplicabilityDefaultsConflict" methodname="FeatureApplicabilityDefaultsConflict" classname="Configit.TA.Tests.TestScenarios.AceModel.FeatureApplicabilityTestSuite" runstate="Runnable" seed="544534028" result="Failed" label="Error" start-time="2021-06-23 08:30:53Z" end-time="2021-06-23 08:32:12Z" duration="79.273775" asserts="0">
                  <properties>
                    <property name="Category" value="AceModelCategory" />
                  </properties>
                  <failure>
                    <message><![CDATA[System.Exception : Waiting for condition: [WaitUntilIsDisplayed] on object [UiLabel] By: [By.XPath: //*[@label='Status']]... failed after [15] seconds.]]></message>
                    <stack-trace><![CDATA[   at Configit.TA.Core.WaitService.WaitForCondition[T](T obj, Func`2 condition, Int32 maxTimeoutSeconds, Boolean throwException, Action actionAfterCondition) in D:\a\ace-e2e-test\ace-e2e-test\Configit.TestAutomation\Configit.TA.Core\WaitService.cs:line 61
   at Configit.TA.Core.UiElements.UiWebElement.WaitUntil(Func`2 condition, Int32 timeoutInSeconds, Boolean throwException, Action actionAfterCondition) in D:\a\ace-e2e-test\ace-e2e-test\Configit.TestAutomation\Configit.TA.Core\UiElements\UiWebElement.cs:line 301
   at Configit.TA.Core.UiElements.UiWebElement.WaitUntilIsDisplayed(Int32 timeoutInSeconds) in D:\a\ace-e2e-test\ace-e2e-test\Configit.TestAutomation\Configit.TA.Core\UiElements\UiWebElement.cs:line 113
   at Configit.TA.Core.UiElements.UiWebElement.GetInnerText() in D:\a\ace-e2e-test\ace-e2e-test\Configit.TestAutomation\Configit.TA.Core\UiElements\UiWebElement.cs:line 204
   at Configit.TA.Core.UiElements.UiWebElement.GetParsedText() in D:\a\ace-e2e-test\ace-e2e-test\Configit.TestAutomation\Configit.TA.Core\UiElements\UiWebElement.cs:line 216
   at Configit.TA.Tests.TestSteps.ProductDefaultsSteps.AddFeatureApplicability(String productName, String familyName, Effectivity effectivity, Boolean navigateFromHome) in D:\a\ace-e2e-test\ace-e2e-test\Configit.TestAutomation\Configit.TA.Tests\TestSteps\ProductDefaultsSteps.cs:line 451
   at Configit.TA.Tests.TestScenarios.AceModel.FeatureApplicabilityTestSuite.FeatureApplicabilityDefaultsConflict() in D:\a\ace-e2e-test\ace-e2e-test\Configit.TestAutomation\Configit.TA.Tests\TestScenarios\AceModel\FeatureApplicabilityTestSuite.cs:line 297]]></stack-trace>
                  </failure>
                  <output><![CDATA[2021-06-23 08:30:53,267 INFO Configit.TA.Core.Configuration.LogExecutionDetailsAttribute -- ##### Started running  test case: [FeatureApplicabilityDefaultsConflict]
2021-06-23 08:30:53,267 INFO Configit.TA.Tests.TestScenarios.Base.BaseWebTestSuite -- Initializing browser window...
2021-06-23 08:30:53,267 INFO Configit.TA.Core.Extensions.WrappedWebDriver -- Creating webdriver instance...
2021-06-23 08:30:54,491 INFO Configit.TA.Tests.TestScenarios.Base.BaseWebTestSuite -- Browser initialized.
2021-06-23 08:30:54,491 INFO Configit.TA.Tests.TestSteps.BaseStep -- # Executing step: [Login] with parameters: [Admin]
2021-06-23 08:30:58,896 INFO Configit.TA.Tests.TestSteps.BaseStep -- # Executing step: [CreateWorkItemFromHomePage] with parameters: [WI_23062021_083058896, test work item]
2021-06-23 08:31:01,647 INFO Configit.TA.Tests.TestSteps.BaseStep -- # Executing step: [NavigateToWorkItemsPage]
2021-06-23 08:31:02,766 INFO Configit.TA.Tests.TestSteps.BaseStep -- # Executing step: [OpenWorkItemDetails] with parameters: [WI_23062021_083058896]
2021-06-23 08:31:08,850 INFO Configit.TA.Tests.TestSteps.BaseStep -- # Executing step: [AddFeatures] with parameters: [Family code: PCOL Feature codes:  Family code: AUD Feature codes: ]
2021-06-23 08:31:31,862 INFO Configit.TA.Tests.TestSteps.BaseStep -- # Executing step: [AddFeatureApplicability] with parameters: [Sample Bus, PCOL]
2021-06-23 08:31:55,541 ERROR Configit.TA.Core.WaitService -- Waiting for condition: [WaitUntilIsDisplayed] on object [UiLabel] By: [By.XPath: //*[@label='Status']]... failed after [15] seconds.
2021-06-23 08:31:55,787 INFO Configit.TA.Core.Extensions.WebDriverExtension -- Screenshot saved: D:\a\ace-e2e-test\ace-e2e-test\Configit.TestAutomation\Configit.TA.Tests\bin\Debug\screenshots\FeatureApplicabilityDefaultsConflict1-1062_20210623_083155541.png
2021-06-23 08:31:55,788 INFO Configit.TA.Tests.TestScenarios.Base.BaseWebTestSuite -- Closing the browser...
2021-06-23 08:31:55,897 INFO Configit.TA.Tests.TestScenarios.Base.BaseWebTestSuite -- Initializing browser window...
2021-06-23 08:31:55,897 INFO Configit.TA.Core.Extensions.WrappedWebDriver -- Creating webdriver instance...
2021-06-23 08:31:57,150 INFO Configit.TA.Tests.TestScenarios.Base.BaseWebTestSuite -- Browser initialized.
2021-06-23 08:31:57,150 INFO Configit.TA.Tests.TestSteps.BaseStep -- # Executing step: [Login] with parameters: [Admin]
2021-06-23 08:32:01,728 INFO Configit.TA.Tests.TestSteps.BaseStep -- # Executing step: [NavigateToWorkItemsPage]
2021-06-23 08:32:02,868 INFO Configit.TA.Tests.TestSteps.BaseStep -- # Executing step: [OpenWorkItemDetails] with parameters: [WI_23062021_083058896]
2021-06-23 08:32:06,679 INFO Configit.TA.Tests.TestSteps.BaseStep -- # Executing step: [CloseWorkItem] with parameters: [WI_23062021_083058896]
2021-06-23 08:32:12,450 INFO Configit.TA.Tests.TestScenarios.Base.BaseWebTestSuite -- Closing the browser...
2021-06-23 08:32:12,548 INFO Configit.TA.Core.Configuration.LogExecutionDetailsAttribute -- ##### Finished running  test case: [FeatureApplicabilityDefaultsConflict]
]]></output>
                  <attachments>
                    <attachment>
                      <filePath>D:\a\ace-e2e-test\ace-e2e-test\Configit.TestAutomation\Configit.TA.Tests\bin\Debug\screenshots\FeatureApplicabilityDefaultsConflict1-1062_20210623_083155541.png</filePath>
                    </attachment>
                  </attachments>
                </test-case>
              </test-suite>
              <test-suite type="TestFixture" id="1-1037" name="LibraryFamiliesTestSuite" fullname="Configit.TA.Tests.TestScenarios.AceModel.LibraryFamiliesTestSuite" classname="Configit.TA.Tests.TestScenarios.AceModel.LibraryFamiliesTestSuite" runstate="Runnable" testcasecount="9" result="Passed" start-time="2021-06-23 08:32:12Z" end-time="2021-06-23 08:37:59Z" duration="347.348434" total="9" passed="9" failed="0" warnings="0" inconclusive="0" skipped="0" asserts="0">
                <properties />
                <output><![CDATA[2021-06-23 08:32:12,549 INFO Configit.TA.Tests.TestScenarios.Base.BaseWebTestSuite -- Initializing browser window...
2021-06-23 08:32:12,549 INFO Configit.TA.Core.Extensions.WrappedWebDriver -- Creating webdriver instance...
2021-06-23 08:32:13,768 INFO Configit.TA.Tests.TestScenarios.Base.BaseWebTestSuite -- Browser initialized.
2021-06-23 08:32:13,768 INFO Configit.TA.Tests.TestSteps.BaseStep -- # Executing step: [Login] with parameters: [Admin]
2021-06-23 08:32:18,036 INFO Configit.TA.Tests.TestSteps.BaseStep -- # Executing step: [CreateWorkItemFromHomePage] with parameters: [WI_23062021_083212549, test work item]
2021-06-23 08:32:20,770 INFO Configit.TA.Tests.TestSteps.BaseStep -- # Executing step: [NavigateToWorkItemsPage]
2021-06-23 08:32:21,878 INFO Configit.TA.Tests.TestSteps.BaseStep -- # Executing step: [OpenWorkItemDetails] with parameters: [WI_23062021_083212549]
2021-06-23 08:32:25,291 INFO Configit.TA.Tests.TestScenarios.Base.BaseWebTestSuite -- Closing the browser...
2021-06-23 08:32:25,392 INFO Configit.TA.Core.Configuration.LogExecutionDetailsAttribute -- ########## Started running  test suite: [LibraryFamiliesTestSuite]
2021-06-23 08:37:44,329 INFO Configit.TA.Core.Configuration.LogExecutionDetailsAttribute -- ########## Finished running  test suite: [LibraryFamiliesTestSuite]
2021-06-23 08:37:44,330 INFO Configit.TA.Tests.TestScenarios.Base.BaseWebTestSuite -- Initializing browser window...
2021-06-23 08:37:44,330 INFO Configit.TA.Core.Extensions.WrappedWebDriver -- Creating webdriver instance...
2021-06-23 08:37:45,556 INFO Configit.TA.Tests.TestScenarios.Base.BaseWebTestSuite -- Browser initialized.
2021-06-23 08:37:45,556 INFO Configit.TA.Tests.TestSteps.BaseStep -- # Executing step: [Login] with parameters: [Admin]
2021-06-23 08:37:49,815 INFO Configit.TA.Tests.TestSteps.BaseStep -- # Executing step: [NavigateToWorkItemsPage]
2021-06-23 08:37:50,891 INFO Configit.TA.Tests.TestSteps.BaseStep -- # Executing step: [OpenWorkItemDetails] with parameters: [WI_23062021_083212549]
2021-06-23 08:37:54,028 INFO Configit.TA.Tests.TestSteps.BaseStep -- # Executing step: [CloseWorkItem] with parameters: [WI_23062021_083212549]
2021-06-23 08:37:59,826 INFO Configit.TA.Tests.TestScenarios.Base.BaseWebTestSuite -- Closing the browser...
]]></output>
                <test-case id="1-1044" name="AddFamilyToProductModel" fullname="Configit.TA.Tests.TestScenarios.AceModel.LibraryFamiliesTestSuite.AddFamilyToProductModel" methodname="AddFamilyToProductModel" classname="Configit.TA.Tests.TestScenarios.AceModel.LibraryFamiliesTestSuite" runstate="Runnable" seed="482925303" result="Passed" start-time="2021-06-23 08:32:25Z" end-time="2021-06-23 08:33:29Z" duration="64.459781" asserts="0">
                  <properties>
                    <property name="Category" value="AceModelCategory" />
                  </properties>
                  <output><![CDATA[2021-06-23 08:32:25,392 INFO Configit.TA.Core.Configuration.LogExecutionDetailsAttribute -- ##### Started running  test case: [AddFamilyToProductModel]
2021-06-23 08:32:25,392 INFO Configit.TA.Tests.TestScenarios.Base.BaseWebTestSuite -- Initializing browser window...
2021-06-23 08:32:25,392 INFO Configit.TA.Core.Extensions.WrappedWebDriver -- Creating webdriver instance...
2021-06-23 08:32:26,570 INFO Configit.TA.Tests.TestScenarios.Base.BaseWebTestSuite -- Browser initialized.
2021-06-23 08:32:26,570 INFO Configit.TA.Tests.TestSteps.BaseStep -- # Executing step: [Login] with parameters: [Admin]
2021-06-23 08:32:32,789 INFO Configit.TA.Tests.TestSteps.BaseStep -- # Executing step: [AddFamilyToProductModel] with parameters: [Sample Car 1, PCOL]
2021-06-23 08:32:32,789 INFO Configit.TA.Tests.TestSteps.BaseStep -- # Executing step: [FindFeatureInLibrary] with parameters: [PCOL]
2021-06-23 08:32:48,738 INFO Configit.TA.Tests.TestSteps.BaseStep -- # Executing step: [VerifyFeatureAddedToProduct] with parameters: [Sample Car 1, PCOL]
2021-06-23 08:33:00,902 INFO Configit.TA.Tests.TestSteps.BaseStep -- # Executing step: [AddFamilyToProductModel] with parameters: [Sample Car 1, AGE]
2021-06-23 08:33:00,902 INFO Configit.TA.Tests.TestSteps.BaseStep -- # Executing step: [FindFeatureInLibrary] with parameters: [AGE]
2021-06-23 08:33:17,687 INFO Configit.TA.Tests.TestSteps.BaseStep -- # Executing step: [VerifyFeatureAddedToProduct] with parameters: [Sample Car 1, AGE]
2021-06-23 08:33:29,745 INFO Configit.TA.Tests.TestScenarios.Base.BaseWebTestSuite -- Closing the browser...
2021-06-23 08:33:29,857 INFO Configit.TA.Core.Configuration.LogExecutionDetailsAttribute -- ##### Finished running  test case: [AddFamilyToProductModel]
]]></output>
                </test-case>
                <test-case id="1-1039" name="AddFeatureToFamily" fullname="Configit.TA.Tests.TestScenarios.AceModel.LibraryFamiliesTestSuite.AddFeatureToFamily" methodname="AddFeatureToFamily" classname="Configit.TA.Tests.TestScenarios.AceModel.LibraryFamiliesTestSuite" runstate="Runnable" seed="1822413650" result="Passed" start-time="2021-06-23 08:33:29Z" end-time="2021-06-23 08:33:59Z" duration="29.879699" asserts="0">
                  <properties>
                    <property name="Category" value="AceModelCategory" />
                  </properties>
                  <output><![CDATA[2021-06-23 08:33:29,857 INFO Configit.TA.Core.Configuration.LogExecutionDetailsAttribute -- ##### Started running  test case: [AddFeatureToFamily]
2021-06-23 08:33:29,857 INFO Configit.TA.Tests.TestScenarios.Base.BaseWebTestSuite -- Initializing browser window...
2021-06-23 08:33:29,857 INFO Configit.TA.Core.Extensions.WrappedWebDriver -- Creating webdriver instance...
2021-06-23 08:33:31,058 INFO Configit.TA.Tests.TestScenarios.Base.BaseWebTestSuite -- Browser initialized.
2021-06-23 08:33:31,058 INFO Configit.TA.Tests.TestSteps.BaseStep -- # Executing step: [Login] with parameters: [Admin]
2021-06-23 08:33:37,369 INFO Configit.TA.Tests.TestSteps.BaseStep -- # Executing step: [CreateFeaturesFromFamilyView] with parameters: [Family code: COLOR Feature codes: TSTCOL1]
2021-06-23 08:33:37,369 INFO Configit.TA.Tests.TestSteps.BaseStep -- # Executing step: [FindFeatureInLibrary] with parameters: [COLOR]
2021-06-23 08:33:52,650 INFO Configit.TA.Tests.TestSteps.BaseStep -- # Executing step: [CreateFeatureFromMainPage] with parameters: [TSTFT2, Test feature 2, Color]
2021-06-23 08:33:59,636 INFO Configit.TA.Tests.TestScenarios.Base.BaseWebTestSuite -- Closing the browser...
2021-06-23 08:33:59,739 INFO Configit.TA.Core.Configuration.LogExecutionDetailsAttribute -- ##### Finished running  test case: [AddFeatureToFamily]
]]></output>
                </test-case>
                <test-case id="1-1043" name="AddLabelsToFamily" fullname="Configit.TA.Tests.TestScenarios.AceModel.LibraryFamiliesTestSuite.AddLabelsToFamily" methodname="AddLabelsToFamily" classname="Configit.TA.Tests.TestScenarios.AceModel.LibraryFamiliesTestSuite" runstate="Runnable" seed="303053539" result="Passed" start-time="2021-06-23 08:33:59Z" end-time="2021-06-23 08:34:28Z" duration="29.181602" asserts="0">
                  <properties>
                    <property name="Category" value="AceModelCategory" />
                  </properties>
                  <output><![CDATA[2021-06-23 08:33:59,739 INFO Configit.TA.Core.Configuration.LogExecutionDetailsAttribute -- ##### Started running  test case: [AddLabelsToFamily]
2021-06-23 08:33:59,739 INFO Configit.TA.Tests.TestScenarios.Base.BaseWebTestSuite -- Initializing browser window...
2021-06-23 08:33:59,739 INFO Configit.TA.Core.Extensions.WrappedWebDriver -- Creating webdriver instance...
2021-06-23 08:34:00,970 INFO Configit.TA.Tests.TestScenarios.Base.BaseWebTestSuite -- Browser initialized.
2021-06-23 08:34:00,971 INFO Configit.TA.Tests.TestSteps.BaseStep -- # Executing step: [Login] with parameters: [Admin]
2021-06-23 08:34:07,489 INFO Configit.TA.Tests.TestSteps.BaseStep -- # Executing step: [CreateFeatureFamily] with parameters: [TSTFAM5, Adding label test, Feature]
2021-06-23 08:34:13,453 INFO Configit.TA.Tests.TestSteps.BaseStep -- # Executing step: [AddLabelsToFamily]
2021-06-23 08:34:13,453 INFO Configit.TA.Tests.TestSteps.BaseStep -- # Executing step: [FindFeatureInLibrary] with parameters: [TSTFAM5]
2021-06-23 08:34:28,825 INFO Configit.TA.Tests.TestScenarios.Base.BaseWebTestSuite -- Closing the browser...
2021-06-23 08:34:28,922 INFO Configit.TA.Core.Configuration.LogExecutionDetailsAttribute -- ##### Finished running  test case: [AddLabelsToFamily]
]]></output>
                </test-case>
                <test-case id="1-1045" name="AddSelectedFeaturesToProductModel" fullname="Configit.TA.Tests.TestScenarios.AceModel.LibraryFamiliesTestSuite.AddSelectedFeaturesToProductModel" methodname="AddSelectedFeaturesToProductModel" classname="Configit.TA.Tests.TestScenarios.AceModel.LibraryFamiliesTestSuite" runstate="Runnable" seed="1679072702" result="Passed" start-time="2021-06-23 08:34:28Z" end-time="2021-06-23 08:35:07Z" duration="38.261150" asserts="0">
                  <properties>
                    <property name="Category" value="AceModelCategory" />
                  </properties>
                  <output><![CDATA[2021-06-23 08:34:28,923 INFO Configit.TA.Core.Configuration.LogExecutionDetailsAttribute -- ##### Started running  test case: [AddSelectedFeaturesToProductModel]
2021-06-23 08:34:28,923 INFO Configit.TA.Tests.TestScenarios.Base.BaseWebTestSuite -- Initializing browser window...
2021-06-23 08:34:28,923 INFO Configit.TA.Core.Extensions.WrappedWebDriver -- Creating webdriver instance...
2021-06-23 08:34:30,125 INFO Configit.TA.Tests.TestScenarios.Base.BaseWebTestSuite -- Browser initialized.
2021-06-23 08:34:30,126 INFO Configit.TA.Tests.TestSteps.BaseStep -- # Executing step: [Login] with parameters: [Admin]
2021-06-23 08:34:36,586 INFO Configit.TA.Tests.TestSteps.BaseStep -- # Executing step: [AddFeaturesOrFamiliesToProductModel] with parameters: [Sample Bus, Family code: AUD Feature codes: ; Family code: PCOL Feature codes: BLK,BLU; Family code: WHL Feature codes: WHL20_C]
2021-06-23 08:35:07,095 INFO Configit.TA.Tests.TestScenarios.Base.BaseWebTestSuite -- Closing the browser...
2021-06-23 08:35:07,186 INFO Configit.TA.Core.Configuration.LogExecutionDetailsAttribute -- ##### Finished running  test case: [AddSelectedFeaturesToProductModel]
]]></output>
                </test-case>
                <test-case id="1-1046" name="AddToProductModelWithEffectivity" fullname="Configit.TA.Tests.TestScenarios.AceModel.LibraryFamiliesTestSuite.AddToProductModelWithEffectivity" methodname="AddToProductModelWithEffectivity" classname="Configit.TA.Tests.TestScenarios.AceModel.LibraryFamiliesTestSuite" runstate="Runnable" seed="1525536253" result="Passed" start-time="2021-06-23 08:35:07Z" end-time="2021-06-23 08:35:32Z" duration="25.065947" asserts="0">
                  <properties>
                    <property name="Category" value="AceModelCategory" />
                  </properties>
                  <output><![CDATA[2021-06-23 08:35:07,186 INFO Configit.TA.Core.Configuration.LogExecutionDetailsAttribute -- ##### Started running  test case: [AddToProductModelWithEffectivity]
2021-06-23 08:35:07,186 INFO Configit.TA.Tests.TestScenarios.Base.BaseWebTestSuite -- Initializing browser window...
2021-06-23 08:35:07,186 INFO Configit.TA.Core.Extensions.WrappedWebDriver -- Creating webdriver instance...
2021-06-23 08:35:08,428 INFO Configit.TA.Tests.TestScenarios.Base.BaseWebTestSuite -- Browser initialized.
2021-06-23 08:35:08,429 INFO Configit.TA.Tests.TestSteps.BaseStep -- # Executing step: [Login] with parameters: [Admin]
2021-06-23 08:35:14,959 INFO Configit.TA.Tests.TestSteps.BaseStep -- # Executing step: [AddFeaturesOrFamiliesToProductModel] with parameters: [Sample Bus, Family code: CCP Feature codes: ]
2021-06-23 08:35:32,163 INFO Configit.TA.Tests.TestScenarios.Base.BaseWebTestSuite -- Closing the browser...
2021-06-23 08:35:32,254 INFO Configit.TA.Core.Configuration.LogExecutionDetailsAttribute -- ##### Finished running  test case: [AddToProductModelWithEffectivity]
]]></output>
                </test-case>
                <test-case id="1-1038" name="CreateFeatureFamily" fullname="Configit.TA.Tests.TestScenarios.AceModel.LibraryFamiliesTestSuite.CreateFeatureFamily" methodname="CreateFeatureFamily" classname="Configit.TA.Tests.TestScenarios.AceModel.LibraryFamiliesTestSuite" runstate="Runnable" seed="319084716" result="Passed" start-time="2021-06-23 08:35:32Z" end-time="2021-06-23 08:35:45Z" duration="13.433667" asserts="0">
                  <properties>
                    <property name="Category" value="AceModelCategory" />
                  </properties>
                  <output><![CDATA[2021-06-23 08:35:32,254 INFO Configit.TA.Core.Configuration.LogExecutionDetailsAttribute -- ##### Started running  test case: [CreateFeatureFamily]
2021-06-23 08:35:32,254 INFO Configit.TA.Tests.TestScenarios.Base.BaseWebTestSuite -- Initializing browser window...
2021-06-23 08:35:32,254 INFO Configit.TA.Core.Extensions.WrappedWebDriver -- Creating webdriver instance...
2021-06-23 08:35:33,507 INFO Configit.TA.Tests.TestScenarios.Base.BaseWebTestSuite -- Browser initialized.
2021-06-23 08:35:33,508 INFO Configit.TA.Tests.TestSteps.BaseStep -- # Executing step: [Login] with parameters: [Admin]
2021-06-23 08:35:39,860 INFO Configit.TA.Tests.TestSteps.BaseStep -- # Executing step: [CreateFeatureFamily] with parameters: [TSTFM1, Test feature family 1, Feature]
2021-06-23 08:35:45,591 INFO Configit.TA.Tests.TestScenarios.Base.BaseWebTestSuite -- Closing the browser...
2021-06-23 08:35:45,689 INFO Configit.TA.Core.Configuration.LogExecutionDetailsAttribute -- ##### Finished running  test case: [CreateFeatureFamily]
]]></output>
                </test-case>
                <test-case id="1-1041" name="CreateNumericFamily" fullname="Configit.TA.Tests.TestScenarios.AceModel.LibraryFamiliesTestSuite.CreateNumericFamily" methodname="CreateNumericFamily" classname="Configit.TA.Tests.TestScenarios.AceModel.LibraryFamiliesTestSuite" runstate="Runnable" seed="1755198189" result="Passed" start-time="2021-06-23 08:35:45Z" end-time="2021-06-23 08:35:58Z" duration="12.797405" asserts="0">
                  <properties>
                    <property name="Category" value="AceModelCategory" />
                  </properties>
                  <output><![CDATA[2021-06-23 08:35:45,689 INFO Configit.TA.Core.Configuration.LogExecutionDetailsAttribute -- ##### Started running  test case: [CreateNumericFamily]
2021-06-23 08:35:45,689 INFO Configit.TA.Tests.TestScenarios.Base.BaseWebTestSuite -- Initializing browser window...
2021-06-23 08:35:45,689 INFO Configit.TA.Core.Extensions.WrappedWebDriver -- Creating webdriver instance...
2021-06-23 08:35:46,939 INFO Configit.TA.Tests.TestScenarios.Base.BaseWebTestSuite -- Browser initialized.
2021-06-23 08:35:46,939 INFO Configit.TA.Tests.TestSteps.BaseStep -- # Executing step: [Login] with parameters: [Admin]
2021-06-23 08:35:53,145 INFO Configit.TA.Tests.TestSteps.BaseStep -- # Executing step: [CreateNumericFamily] with parameters: [[Code = 'NFAM1'] [Description = 'Test numeric family 1'] [Precision = '0'] [MinValue = '0'] [MaxValue = '20'] ]
2021-06-23 08:35:58,395 INFO Configit.TA.Tests.TestScenarios.Base.BaseWebTestSuite -- Closing the browser...
2021-06-23 08:35:58,487 INFO Configit.TA.Core.Configuration.LogExecutionDetailsAttribute -- ##### Finished running  test case: [CreateNumericFamily]
]]></output>
                </test-case>
                <test-case id="1-1042" name="CreateStringFamily" fullname="Configit.TA.Tests.TestScenarios.AceModel.LibraryFamiliesTestSuite.CreateStringFamily" methodname="CreateStringFamily" classname="Configit.TA.Tests.TestScenarios.AceModel.LibraryFamiliesTestSuite" runstate="Runnable" seed="1269254972" result="Passed" start-time="2021-06-23 08:35:58Z" end-time="2021-06-23 08:36:11Z" duration="12.988223" asserts="0">
                  <properties>
                    <property name="Category" value="AceModelCategory" />
                  </properties>
                  <output><![CDATA[2021-06-23 08:35:58,488 INFO Configit.TA.Core.Configuration.LogExecutionDetailsAttribute -- ##### Started running  test case: [CreateStringFamily]
2021-06-23 08:35:58,488 INFO Configit.TA.Tests.TestScenarios.Base.BaseWebTestSuite -- Initializing browser window...
2021-06-23 08:35:58,488 INFO Configit.TA.Core.Extensions.WrappedWebDriver -- Creating webdriver instance...
2021-06-23 08:35:59,690 INFO Configit.TA.Tests.TestScenarios.Base.BaseWebTestSuite -- Browser initialized.
2021-06-23 08:35:59,691 INFO Configit.TA.Tests.TestSteps.BaseStep -- # Executing step: [Login] with parameters: [Admin]
2021-06-23 08:36:06,227 INFO Configit.TA.Tests.TestSteps.BaseStep -- # Executing step: [CreateStringFamily] with parameters: [STRFAM1, Test string family 1]
2021-06-23 08:36:11,388 INFO Configit.TA.Tests.TestScenarios.Base.BaseWebTestSuite -- Closing the browser...
2021-06-23 08:36:11,477 INFO Configit.TA.Core.Configuration.LogExecutionDetailsAttribute -- ##### Finished running  test case: [CreateStringFamily]
]]></output>
                </test-case>
                <test-case id="1-1040" name="EditFeatureAndFeatureFamilyCode" fullname="Configit.TA.Tests.TestScenarios.AceModel.LibraryFamiliesTestSuite.EditFeatureAndFeatureFamilyCode" methodname="EditFeatureAndFeatureFamilyCode" classname="Configit.TA.Tests.TestScenarios.AceModel.LibraryFamiliesTestSuite" runstate="Runnable" seed="1069469351" result="Passed" start-time="2021-06-23 08:36:11Z" end-time="2021-06-23 08:37:44Z" duration="92.845569" asserts="0">
                  <properties>
                    <property name="Category" value="AceModelCategory" />
                  </properties>
                  <output><![CDATA[2021-06-23 08:36:11,477 INFO Configit.TA.Core.Configuration.LogExecutionDetailsAttribute -- ##### Started running  test case: [EditFeatureAndFeatureFamilyCode]
2021-06-23 08:36:11,477 INFO Configit.TA.Tests.TestScenarios.Base.BaseWebTestSuite -- Initializing browser window...
2021-06-23 08:36:11,477 INFO Configit.TA.Core.Extensions.WrappedWebDriver -- Creating webdriver instance...
2021-06-23 08:36:12,686 INFO Configit.TA.Tests.TestScenarios.Base.BaseWebTestSuite -- Browser initialized.
2021-06-23 08:36:12,687 INFO Configit.TA.Tests.TestSteps.BaseStep -- # Executing step: [Login] with parameters: [Admin]
2021-06-23 08:36:19,075 INFO Configit.TA.Tests.TestSteps.BaseStep -- # Executing step: [CreateFeatureFamily] with parameters: [TSTFAM1, Test family 1, Feature]
2021-06-23 08:36:24,741 INFO Configit.TA.Tests.TestSteps.BaseStep -- # Executing step: [CreateFeaturesFromFamilyView] with parameters: [Family code: TSTFAM1 Feature codes: TSTFEAT1]
2021-06-23 08:36:26,770 INFO Configit.TA.Tests.TestSteps.BaseStep -- # Executing step: [EditItemInLibrary] with parameters: [TSTFAM1, [Code = 'FAMCHNG'] [Description = 'New Family Description'] ]
2021-06-23 08:36:26,770 INFO Configit.TA.Tests.TestSteps.BaseStep -- # Executing step: [FindFeatureInLibrary] with parameters: [TSTFAM1]
2021-06-23 08:36:42,101 INFO Configit.TA.Tests.TestSteps.BaseStep -- # Executing step: [EditItemInLibrary] with parameters: [TSTFEAT1, [Code = 'FCHNG'] [Description = 'New Feature Description'] ]
2021-06-23 08:36:42,101 INFO Configit.TA.Tests.TestSteps.BaseStep -- # Executing step: [FindFeatureInLibrary] with parameters: [TSTFEAT1]
2021-06-23 08:36:56,423 INFO Configit.TA.Tests.TestSteps.BaseStep -- # Executing step: [AddFeatures] with parameters: [FCHNG]
2021-06-23 08:37:15,510 INFO Configit.TA.Tests.TestSteps.BaseStep -- # Executing step: [EditItemInLibrary] with parameters: [FCHNG, [Code = 'FCHNG2'] [Description = 'New Feature Description 2'] ]
2021-06-23 08:37:15,510 INFO Configit.TA.Tests.TestSteps.BaseStep -- # Executing step: [FindFeatureInLibrary] with parameters: [FCHNG]
2021-06-23 08:37:29,746 INFO Configit.TA.Tests.TestSteps.BaseStep -- # Executing step: [EditItemInLibrary] with parameters: [FAMCHNG, [Code = 'FAMCHNG2'] [Description = 'New Family Description 2'] ]
2021-06-23 08:37:29,746 INFO Configit.TA.Tests.TestSteps.BaseStep -- # Executing step: [FindFeatureInLibrary] with parameters: [FAMCHNG]
2021-06-23 08:37:44,206 INFO Configit.TA.Tests.TestScenarios.Base.BaseWebTestSuite -- Closing the browser...
[...]
2021-06-23 09:26:16,259 INFO Configit.TA.Tests.TestScenarios.Base.BaseWebTestSuite -- Browser initialized.
2021-06-23 09:26:16,259 INFO Configit.TA.Tests.TestSteps.BaseStep -- # Executing step: [Login] with parameters: [Admin]
2021-06-23 09:26:20,489 INFO Configit.TA.Tests.TestSteps.BaseStep -- # Executing step: [CreateWorkItemFromHomePage] with parameters: [WI_23062021_092620489, test work item]
2021-06-23 09:26:23,157 INFO Configit.TA.Tests.TestSteps.BaseStep -- # Executing step: [NavigateToWorkItemsPage]
2021-06-23 09:26:24,276 INFO Configit.TA.Tests.TestSteps.BaseStep -- # Executing step: [OpenWorkItemDetails] with parameters: [WI_23062021_092620489]
2021-06-23 09:26:28,145 INFO Configit.TA.Tests.TestSteps.BaseStep -- # Executing step: [ImportXmlFile] with parameters: [D:\a\ace-e2e-test\ace-e2e-test\Configit.TestAutomation\Configit.TA.Tests\bin\Debug\TestData\CreateFeatureApplicabilityMultivalueDefault_workitem497.xml]
2021-06-23 09:26:42,582 INFO Configit.TA.Tests.TestSteps.BaseStep -- # Executing step: [NavigateToWorkItemsPage]
2021-06-23 09:26:43,967 INFO Configit.TA.Tests.TestSteps.BaseStep -- # Executing step: [OpenWorkItemDetails] with parameters: [WI_23062021_092620489]
2021-06-23 09:26:47,167 INFO Configit.TA.Tests.TestSteps.BaseStep -- # Executing step: [UpdateWorkitem] with parameters: [WI_23062021_092620489]
2021-06-23 09:26:49,484 INFO Configit.TA.Tests.TestSteps.BaseStep -- # Executing step: [AddUsers] with parameters: [Ace Administrator]
2021-06-23 09:26:59,538 INFO Configit.TA.Tests.TestSteps.BaseStep -- # Executing step: [CreateFeatureFamily] with parameters: [GRPH_497, Painted graphics, Feature]
2021-06-23 09:27:05,396 INFO Configit.TA.Tests.TestSteps.BaseStep -- # Executing step: [CreateFeaturesFromFamilyView] with parameters: [Family code: GRPH_497 Feature codes: FLMS_497,FLMT_497,LINF_497,PNDB_497]
2021-06-23 09:27:09,129 INFO Configit.TA.Tests.TestSteps.BaseStep -- # Executing step: [AddFeatures] with parameters: [Family code: GRPH_497 Feature codes: FLMS_497,FLMT_497,LINF_497,PNDB_497]
2021-06-23 09:27:36,480 INFO Configit.TA.Tests.TestSteps.BaseStep -- # Executing step: [AddMarketAvailability] with parameters: [ROCKET_497, All, Denmark]
2021-06-23 09:27:53,375 INFO Configit.TA.Tests.TestSteps.BaseStep -- # Executing step: [AddFeatureApplicability] with parameters: [ROCKET_497, GRPH_497]
2021-06-23 09:28:20,667 ERROR Configit.TA.Core.WaitService -- Waiting for condition: [WaitUntilIsDisplayed] on object [UiLabel] By: [By.XPath: //*[@label='Status']]... failed after [15] seconds.
2021-06-23 09:28:20,896 INFO Configit.TA.Core.Extensions.WebDriverExtension -- Screenshot saved: D:\a\ace-e2e-test\ace-e2e-test\Configit.TestAutomation\Configit.TA.Tests\bin\Debug\screenshots\CreateFeatureApplicabilityMultivalueDefault1-1009_20210623_092820667.png
2021-06-23 09:28:20,897 INFO Configit.TA.Tests.TestScenarios.Base.BaseWebTestSuite -- Closing the browser...
2021-06-23 09:28:20,996 INFO Configit.TA.Tests.TestScenarios.Base.BaseWebTestSuite -- Closing the browser...
2021-06-23 09:28:23,003 INFO Configit.TA.Core.Configuration.LogExecutionDetailsAttribute -- ##### Finished running  test case: [CreateFeatureApplicabilityMultivalueDefault]
]]></output>
                  <attachments>
                    <attachment>
                      <filePath>D:\a\ace-e2e-test\ace-e2e-test\Configit.TestAutomation\Configit.TA.Tests\bin\Debug\screenshots\CreateFeatureApplicabilityMultivalueDefault1-1009_20210623_092820667.png</filePath>
                    </attachment>
                  </attachments>
                </test-case>
                <test-case id="1-1007" name="CreateFeatureApplicabilityOverDefault" fullname="Configit.TA.Tests.TestScenarios.IntegrationTests.IntegrationSuite.CreateFeatureApplicabilityOverDefault" methodname="CreateFeatureApplicabilityOverDefault" classname="Configit.TA.Tests.TestScenarios.IntegrationTests.IntegrationSuite" runstate="Runnable" seed="122810742" result="Failed" label="Error" start-time="2021-06-23 09:28:23Z" end-time="2021-06-23 09:29:01Z" duration="38.603701" asserts="0">
                  <properties>
                    <property name="Category" value="AceE2E" />
                  </properties>
                  <failure>
                    <message><![CDATA[System.Exception : Waiting for condition: [WaitForXmlImportProcessing] on object [DataRow] By: [By.XPath: ./tbody[1]/tr[not(contains(@class, 'ng-hide')) and ./*[not(contains(@class, 'no-results'))]][1]]... failed after [15] seconds.]]></message>
                    <stack-trace><![CDATA[   at Configit.TA.Core.WaitService.WaitForCondition[T](T obj, Func`2 condition, Int32 maxTimeoutSeconds, Boolean throwException, Action actionAfterCondition) in D:\a\ace-e2e-test\ace-e2e-test\Configit.TestAutomation\Configit.TA.Core\WaitService.cs:line 61
   at Configit.TA.Core.UiElements.UiWebElement.WaitUntil(Func`2 condition, Int32 timeoutInSeconds, Boolean throwException, Action actionAfterCondition) in D:\a\ace-e2e-test\ace-e2e-test\Configit.TestAutomation\Configit.TA.Core\UiElements\UiWebElement.cs:line 301
   at Configit.TA.Tests.TestSteps.AdministrationStep.WaitForXmlImportProcessing(String importDescription) in D:\a\ace-e2e-test\ace-e2e-test\Configit.TestAutomation\Configit.TA.Tests\TestSteps\AdministrationStep.cs:line 78
   at Configit.TA.Tests.TestSteps.AdministrationStep.ImportXmlFile(String filePath, String description) in D:\a\ace-e2e-test\ace-e2e-test\Configit.TestAutomation\Configit.TA.Tests\TestSteps\AdministrationStep.cs:line 37
   at Configit.TA.Tests.TestSteps.CreateDataSteps.ImportBasicProductModelFromXml(WorkItem workItem) in D:\a\ace-e2e-test\ace-e2e-test\Configit.TestAutomation\Configit.TA.Tests\TestSteps\CreateDataSteps.cs:line 21
   at Configit.TA.Tests.TestScenarios.IntegrationTests.IntegrationSuite.CreateFeatureApplicabilityOverDefault() in D:\a\ace-e2e-test\ace-e2e-test\Configit.TestAutomation\Configit.TA.Tests\TestScenarios\IntegrationTests\IntegrationSuite.cs:line 135]]></stack-trace>
                  </failure>
                  <output><![CDATA[2021-06-23 09:28:23,004 INFO Configit.TA.Core.Configuration.LogExecutionDetailsAttribute -- ##### Started running  test case: [CreateFeatureApplicabilityOverDefault]
2021-06-23 09:28:23,004 INFO Configit.TA.Tests.TestScenarios.Base.BaseWebTestSuite -- Initializing browser window...
2021-06-23 09:28:23,004 INFO Configit.TA.Core.Extensions.WrappedWebDriver -- Creating webdriver instance...
2021-06-23 09:28:24,192 INFO Configit.TA.Tests.TestScenarios.Base.BaseWebTestSuite -- Browser initialized.
2021-06-23 09:28:24,192 INFO Configit.TA.Tests.TestSteps.BaseStep -- # Executing step: [Login] with parameters: [Admin]
2021-06-23 09:28:28,746 INFO Configit.TA.Tests.TestSteps.BaseStep -- # Executing step: [CreateWorkItemFromHomePage] with parameters: [WI_23062021_092828746, test work item]
2021-06-23 09:28:31,476 INFO Configit.TA.Tests.TestSteps.BaseStep -- # Executing step: [NavigateToWorkItemsPage]
2021-06-23 09:28:32,579 INFO Configit.TA.Tests.TestSteps.BaseStep -- # Executing step: [OpenWorkItemDetails] with parameters: [WI_23062021_092828746]
2021-06-23 09:28:36,413 INFO Configit.TA.Tests.TestSteps.BaseStep -- # Executing step: [ImportXmlFile] with parameters: [D:\a\ace-e2e-test\ace-e2e-test\Configit.TestAutomation\Configit.TA.Tests\bin\Debug\TestData\CreateFeatureApplicabilityOverDefault_workitem498.xml]
2021-06-23 09:28:57,270 ERROR Configit.TA.Core.WaitService -- Waiting for condition: [WaitForXmlImportProcessing] on object [DataRow] By: [By.XPath: ./tbody[1]/tr[not(contains(@class, 'ng-hide')) and ./*[not(contains(@class, 'no-results'))]][1]]... failed after [15] seconds.
2021-06-23 09:28:57,464 INFO Configit.TA.Core.Extensions.WebDriverExtension -- Screenshot saved: D:\a\ace-e2e-test\ace-e2e-test\Configit.TestAutomation\Configit.TA.Tests\bin\Debug\screenshots\CreateFeatureApplicabilityOverDefault1-1007_20210623_092857270.png
2021-06-23 09:28:57,465 INFO Configit.TA.Tests.TestScenarios.Base.BaseWebTestSuite -- Closing the browser...
2021-06-23 09:28:57,601 INFO Configit.TA.Tests.TestScenarios.Base.BaseWebTestSuite -- Closing the browser...
2021-06-23 09:29:01,610 INFO Configit.TA.Core.Configuration.LogExecutionDetailsAttribute -- ##### Finished running  test case: [CreateFeatureApplicabilityOverDefault]
]]></output>
                  <attachments>
                    <attachment>
                      <filePath>D:\a\ace-e2e-test\ace-e2e-test\Configit.TestAutomation\Configit.TA.Tests\bin\Debug\screenshots\CreateFeatureApplicabilityOverDefault1-1007_20210623_092857270.png</filePath>
                    </attachment>
                  </attachments>
                </test-case>
                <test-case id="1-1008" name="CreateFeatureApplicabilitySelections" fullname="Configit.TA.Tests.TestScenarios.IntegrationTests.IntegrationSuite.CreateFeatureApplicabilitySelections" methodname="CreateFeatureApplicabilitySelections" classname="Configit.TA.Tests.TestScenarios.IntegrationTests.IntegrationSuite" runstate="Runnable" seed="162587249" result="Failed" label="Error" start-time="2021-06-23 09:29:01Z" end-time="2021-06-23 09:29:40Z" duration="39.130893" asserts="0">
                  <properties>
                    <property name="Category" value="AceE2E" />
                  </properties>
                  <failure>
                    <message><![CDATA[System.Exception : Waiting for condition: [WaitForXmlImportProcessing] on object [DataRow] By: [By.XPath: ./tbody[1]/tr[not(contains(@class, 'ng-hide')) and ./*[not(contains(@class, 'no-results'))]][1]]... failed after [15] seconds.]]></message>
                    <stack-trace><![CDATA[   at Configit.TA.Core.WaitService.WaitForCondition[T](T obj, Func`2 condition, Int32 maxTimeoutSeconds, Boolean throwException, Action actionAfterCondition) in D:\a\ace-e2e-test\ace-e2e-test\Configit.TestAutomation\Configit.TA.Core\WaitService.cs:line 61
   at Configit.TA.Core.UiElements.UiWebElement.WaitUntil(Func`2 condition, Int32 timeoutInSeconds, Boolean throwException, Action actionAfterCondition) in D:\a\ace-e2e-test\ace-e2e-test\Configit.TestAutomation\Configit.TA.Core\UiElements\UiWebElement.cs:line 301
   at Configit.TA.Tests.TestSteps.AdministrationStep.WaitForXmlImportProcessing(String importDescription) in D:\a\ace-e2e-test\ace-e2e-test\Configit.TestAutomation\Configit.TA.Tests\TestSteps\AdministrationStep.cs:line 78
   at Configit.TA.Tests.TestSteps.AdministrationStep.ImportXmlFile(String filePath, String description) in D:\a\ace-e2e-test\ace-e2e-test\Configit.TestAutomation\Configit.TA.Tests\TestSteps\AdministrationStep.cs:line 37
   at Configit.TA.Tests.TestSteps.CreateDataSteps.ImportBasicProductModelFromXml(WorkItem workItem) in D:\a\ace-e2e-test\ace-e2e-test\Configit.TestAutomation\Configit.TA.Tests\TestSteps\CreateDataSteps.cs:line 21
   at Configit.TA.Tests.TestScenarios.IntegrationTests.IntegrationSuite.CreateFeatureApplicabilitySelections() in D:\a\ace-e2e-test\ace-e2e-test\Configit.TestAutomation\Configit.TA.Tests\TestScenarios\IntegrationTests\IntegrationSuite.cs:line 213]]></stack-trace>
                  </failure>
                  <output><![CDATA[2021-06-23 09:29:01,611 INFO Configit.TA.Core.Configuration.LogExecutionDetailsAttribute -- ##### Started running  test case: [CreateFeatureApplicabilitySelections]
2021-06-23 09:29:01,611 INFO Configit.TA.Tests.TestScenarios.Base.BaseWebTestSuite -- Initializing browser window...
2021-06-23 09:29:01,611 INFO Configit.TA.Core.Extensions.WrappedWebDriver -- Creating webdriver instance...
2021-06-23 09:29:02,882 INFO Configit.TA.Tests.TestScenarios.Base.BaseWebTestSuite -- Browser initialized.
2021-06-23 09:29:02,882 INFO Configit.TA.Tests.TestSteps.BaseStep -- # Executing step: [Login] with parameters: [Admin]
2021-06-23 09:29:07,185 INFO Configit.TA.Tests.TestSteps.BaseStep -- # Executing step: [CreateWorkItemFromHomePage] with parameters: [WI_23062021_092907185, test work item]
2021-06-23 09:29:09,926 INFO Configit.TA.Tests.TestSteps.BaseStep -- # Executing step: [NavigateToWorkItemsPage]
2021-06-23 09:29:10,985 INFO Configit.TA.Tests.TestSteps.BaseStep -- # Executing step: [OpenWorkItemDetails] with parameters: [WI_23062021_092907185]
2021-06-23 09:29:14,783 INFO Configit.TA.Tests.TestSteps.BaseStep -- # Executing step: [ImportXmlFile] with parameters: [D:\a\ace-e2e-test\ace-e2e-test\Configit.TestAutomation\Configit.TA.Tests\bin\Debug\TestData\CreateFeatureApplicabilitySelections_workitem499.xml]
2021-06-23 09:29:36,399 ERROR Configit.TA.Core.WaitService -- Waiting for condition: [WaitForXmlImportProcessing] on object [DataRow] By: [By.XPath: ./tbody[1]/tr[not(contains(@class, 'ng-hide')) and ./*[not(contains(@class, 'no-results'))]][1]]... failed after [15] seconds.
2021-06-23 09:29:36,605 INFO Configit.TA.Core.Extensions.WebDriverExtension -- Screenshot saved: D:\a\ace-e2e-test\ace-e2e-test\Configit.TestAutomation\Configit.TA.Tests\bin\Debug\screenshots\CreateFeatureApplicabilitySelections1-1008_20210623_092936399.png
2021-06-23 09:29:36,606 INFO Configit.TA.Tests.TestScenarios.Base.BaseWebTestSuite -- Closing the browser...
2021-06-23 09:29:36,735 INFO Configit.TA.Tests.TestScenarios.Base.BaseWebTestSuite -- Closing the browser...
2021-06-23 09:29:40,744 INFO Configit.TA.Core.Configuration.LogExecutionDetailsAttribute -- ##### Finished running  test case: [CreateFeatureApplicabilitySelections]
]]></output>
                  <attachments>
                    <attachment>
                      <filePath>D:\a\ace-e2e-test\ace-e2e-test\Configit.TestAutomation\Configit.TA.Tests\bin\Debug\screenshots\CreateFeatureApplicabilitySelections1-1008_20210623_092936399.png</filePath>
                    </attachment>
                  </attachments>
                </test-case>
                <test-case id="1-1010" name="RulesVerification" fullname="Configit.TA.Tests.TestScenarios.IntegrationTests.IntegrationSuite.RulesVerification" methodname="RulesVerification" classname="Configit.TA.Tests.TestScenarios.IntegrationTests.IntegrationSuite" runstate="Runnable" seed="1566021706" result="Failed" label="Error" start-time="2021-06-23 09:29:40Z" end-time="2021-06-23 09:30:18Z" duration="38.208357" asserts="0">
                  <properties>
                    <property name="Category" value="AceE2E" />
                  </properties>
                  <failure>
                    <message><![CDATA[System.Exception : Waiting for condition: [WaitForXmlImportProcessing] on object [DataRow] By: [By.XPath: ./tbody[1]/tr[not(contains(@class, 'ng-hide')) and ./*[not(contains(@class, 'no-results'))]][1]]... failed after [15] seconds.]]></message>
                    <stack-trace><![CDATA[   at Configit.TA.Core.WaitService.WaitForCondition[T](T obj, Func`2 condition, Int32 maxTimeoutSeconds, Boolean throwException, Action actionAfterCondition) in D:\a\ace-e2e-test\ace-e2e-test\Configit.TestAutomation\Configit.TA.Core\WaitService.cs:line 61
   at Configit.TA.Core.UiElements.UiWebElement.WaitUntil(Func`2 condition, Int32 timeoutInSeconds, Boolean throwException, Action actionAfterCondition) in D:\a\ace-e2e-test\ace-e2e-test\Configit.TestAutomation\Configit.TA.Core\UiElements\UiWebElement.cs:line 301
   at Configit.TA.Tests.TestSteps.AdministrationStep.WaitForXmlImportProcessing(String importDescription) in D:\a\ace-e2e-test\ace-e2e-test\Configit.TestAutomation\Configit.TA.Tests\TestSteps\AdministrationStep.cs:line 78
   at Configit.TA.Tests.TestSteps.AdministrationStep.ImportXmlFile(String filePath, String description) in D:\a\ace-e2e-test\ace-e2e-test\Configit.TestAutomation\Configit.TA.Tests\TestSteps\AdministrationStep.cs:line 37
   at Configit.TA.Tests.TestSteps.CreateDataSteps.ImportBasicProductModelFromXml(WorkItem workItem) in D:\a\ace-e2e-test\ace-e2e-test\Configit.TestAutomation\Configit.TA.Tests\TestSteps\CreateDataSteps.cs:line 21
   at Configit.TA.Tests.TestScenarios.IntegrationTests.IntegrationSuite.RulesVerification() in D:\a\ace-e2e-test\ace-e2e-test\Configit.TestAutomation\Configit.TA.Tests\TestScenarios\IntegrationTests\IntegrationSuite.cs:line 404]]></stack-trace>
                  </failure>
                  <output><![CDATA[2021-06-23 09:29:40,744 INFO Configit.TA.Core.Configuration.LogExecutionDetailsAttribute -- ##### Started running  test case: [RulesVerification]
2021-06-23 09:29:40,744 INFO Configit.TA.Tests.TestScenarios.Base.BaseWebTestSuite -- Initializing browser window...
2021-06-23 09:29:40,744 INFO Configit.TA.Core.Extensions.WrappedWebDriver -- Creating webdriver instance...
2021-06-23 09:29:41,999 INFO Configit.TA.Tests.TestScenarios.Base.BaseWebTestSuite -- Browser initialized.
2021-06-23 09:29:41,999 INFO Configit.TA.Tests.TestSteps.BaseStep -- # Executing step: [Login] with parameters: [Admin]
2021-06-23 09:29:46,147 INFO Configit.TA.Tests.TestSteps.BaseStep -- # Executing step: [CreateWorkItemFromHomePage] with parameters: [WI_23062021_092946147, test work item]
2021-06-23 09:29:48,884 INFO Configit.TA.Tests.TestSteps.BaseStep -- # Executing step: [NavigateToWorkItemsPage]
2021-06-23 09:29:49,959 INFO Configit.TA.Tests.TestSteps.BaseStep -- # Executing step: [OpenWorkItemDetails] with parameters: [WI_23062021_092946147]
2021-06-23 09:29:53,798 INFO Configit.TA.Tests.TestSteps.BaseStep -- # Executing step: [ImportXmlFile] with parameters: [D:\a\ace-e2e-test\ace-e2e-test\Configit.TestAutomation\Configit.TA.Tests\bin\Debug\TestData\RulesVerification_workitem500.xml]
2021-06-23 09:30:14,607 ERROR Configit.TA.Core.WaitService -- Waiting for condition: [WaitForXmlImportProcessing] on object [DataRow] By: [By.XPath: ./tbody[1]/tr[not(contains(@class, 'ng-hide')) and ./*[not(contains(@class, 'no-results'))]][1]]... failed after [15] seconds.
2021-06-23 09:30:14,816 INFO Configit.TA.Core.Extensions.WebDriverExtension -- Screenshot saved: D:\a\ace-e2e-test\ace-e2e-test\Configit.TestAutomation\Configit.TA.Tests\bin\Debug\screenshots\RulesVerification1-1010_20210623_093014608.png
2021-06-23 09:30:14,817 INFO Configit.TA.Tests.TestScenarios.Base.BaseWebTestSuite -- Closing the browser...
2021-06-23 09:30:14,946 INFO Configit.TA.Tests.TestScenarios.Base.BaseWebTestSuite -- Closing the browser...
2021-06-23 09:30:18,956 INFO Configit.TA.Core.Configuration.LogExecutionDetailsAttribute -- ##### Finished running  test case: [RulesVerification]
]]></output>
                  <attachments>
                    <attachment>
                      <filePath>D:\a\ace-e2e-test\ace-e2e-test\Configit.TestAutomation\Configit.TA.Tests\bin\Debug\screenshots\RulesVerification1-1010_20210623_093014608.png</filePath>
                    </attachment>
                  </attachments>
                </test-case>
              </test-suite>
            </test-suite>
            <test-suite type="TestSuite" id="1-1084" name="Sanity" fullname="Configit.TA.Tests.TestScenarios.Sanity" runstate="Runnable" testcasecount="3" result="Passed" start-time="2021-06-23 08:20:09Z" end-time="2021-06-23 09:30:18Z" duration="4209.503340" total="0" passed="0" failed="0" warnings="0" inconclusive="0" skipped="0" asserts="0">
              <properties />
              <test-suite type="TestFixture" id="1-1001" name="SanityTestSuite" fullname="Configit.TA.Tests.TestScenarios.Sanity.SanityTestSuite" classname="Configit.TA.Tests.TestScenarios.Sanity.SanityTestSuite" runstate="Runnable" testcasecount="3" result="Passed" start-time="2021-06-23 09:30:18Z" end-time="2021-06-23 09:30:18Z" duration="0.000002" total="0" passed="0" failed="0" warnings="0" inconclusive="0" skipped="0" asserts="0">
                <properties />
              </test-suite>
            </test-suite>
          </test-suite>
        </test-suite>
      </test-suite>
    </test-suite>
  </test-suite>
</test-run>